;  LST file generated by mikroListExporter - v.2.0 
; Date/Time: 01/06/2018 04:16:57 ã
;----------------------------------------------

;Address Opcode 	ASM
0x0000	0x29C0      	GOTO       448
_INTERRUPT:
0x0004	0x00FF      	MOVWF      R15
0x0005	0x0E03      	SWAPF      STATUS, 0
0x0006	0x0183      	CLRF       STATUS
0x0007	0x1703      	BSF        STATUS, 6
0x0008	0x00D3      	MOVWF      ___saveSTATUS
0x0009	0x080A      	MOVF       PCLATH, 0
0x000A	0x00D4      	MOVWF      ___savePCLATH
0x000B	0x018A      	CLRF       PCLATH
0x000C	0x0870      	MOVF       R0, 0
0x000D	0x1303      	BCF        STATUS, 6
0x000E	0x00A2      	MOVWF      34
0x000F	0x087C      	MOVF       R12, 0
0x0010	0x00A1      	MOVWF      33
0x0011	0x087D      	MOVF       R13, 0
0x0012	0x00A0      	MOVWF      32
;Smart_Home_version2.c,21 :: 		void INTERRUPT()
;Smart_Home_version2.c,23 :: 		if(INTCON.RBIF==1)
0x0013	0x1C0B      	BTFSS      INTCON, 0
0x0014	0x2816      	GOTO       L_INTERRUPT0
;Smart_Home_version2.c,27 :: 		INTCON.B0=0;
0x0015	0x100B      	BCF        INTCON, 0
;Smart_Home_version2.c,28 :: 		}
L_INTERRUPT0:
;Smart_Home_version2.c,30 :: 		if(statue==0)
0x0016	0x3000      	MOVLW      0
0x0017	0x1683      	BSF        STATUS, 5
0x0018	0x0663      	XORWF      _statue+1, 0
0x0019	0x1D03      	BTFSS      STATUS, 2
0x001A	0x281D      	GOTO       L__INTERRUPT46
0x001B	0x3000      	MOVLW      0
0x001C	0x0662      	XORWF      _statue, 0
L__INTERRUPT46:
0x001D	0x1D03      	BTFSS      STATUS, 2
0x001E	0x286C      	GOTO       L_INTERRUPT1
;Smart_Home_version2.c,32 :: 		if(portb.b0==1)
0x001F	0x1283      	BCF        STATUS, 5
0x0020	0x1C06      	BTFSS      PORTB, 0
0x0021	0x2836      	GOTO       L_INTERRUPT2
;Smart_Home_version2.c,34 :: 		Delay_ms(20);
0x0022	0x3034      	MOVLW      52
0x0023	0x00FC      	MOVWF      R12
0x0024	0x30F1      	MOVLW      241
0x0025	0x00FD      	MOVWF      R13
L_INTERRUPT3:
0x0026	0x0BFD      	DECFSZ     R13, 1
0x0027	0x2826      	GOTO       L_INTERRUPT3
0x0028	0x0BFC      	DECFSZ     R12, 1
0x0029	0x2826      	GOTO       L_INTERRUPT3
0x002A	0x0000      	NOP
0x002B	0x0000      	NOP
;Smart_Home_version2.c,36 :: 		if(portb.b0==1)
0x002C	0x1C06      	BTFSS      PORTB, 0
0x002D	0x2835      	GOTO       L_INTERRUPT4
;Smart_Home_version2.c,38 :: 		portb.b3=1;
0x002E	0x1586      	BSF        PORTB, 3
;Smart_Home_version2.c,39 :: 		portb.b4=1;
0x002F	0x1606      	BSF        PORTB, 4
;Smart_Home_version2.c,40 :: 		alert_state=1;
0x0030	0x3001      	MOVLW      1
0x0031	0x1683      	BSF        STATUS, 5
0x0032	0x00E0      	MOVWF      _alert_state
0x0033	0x3000      	MOVLW      0
0x0034	0x00E1      	MOVWF      _alert_state+1
;Smart_Home_version2.c,41 :: 		}}else
L_INTERRUPT4:
0x0035	0x2836      	GOTO       L_INTERRUPT5
L_INTERRUPT2:
;Smart_Home_version2.c,44 :: 		}
L_INTERRUPT5:
;Smart_Home_version2.c,45 :: 		if(portb.b1==1)
0x0036	0x1283      	BCF        STATUS, 5
0x0037	0x1C86      	BTFSS      PORTB, 1
0x0038	0x2866      	GOTO       L_INTERRUPT6
;Smart_Home_version2.c,46 :: 		{Delay_ms(20);
0x0039	0x3034      	MOVLW      52
0x003A	0x00FC      	MOVWF      R12
0x003B	0x30F1      	MOVLW      241
0x003C	0x00FD      	MOVWF      R13
L_INTERRUPT7:
0x003D	0x0BFD      	DECFSZ     R13, 1
0x003E	0x283D      	GOTO       L_INTERRUPT7
0x003F	0x0BFC      	DECFSZ     R12, 1
0x0040	0x283D      	GOTO       L_INTERRUPT7
0x0041	0x0000      	NOP
0x0042	0x0000      	NOP
;Smart_Home_version2.c,48 :: 		if(portb.b1==1)
0x0043	0x1C86      	BTFSS      PORTB, 1
0x0044	0x2865      	GOTO       L_INTERRUPT8
;Smart_Home_version2.c,50 :: 		if(alert_state==1)
0x0045	0x3000      	MOVLW      0
0x0046	0x1683      	BSF        STATUS, 5
0x0047	0x0661      	XORWF      _alert_state+1, 0
0x0048	0x1D03      	BTFSS      STATUS, 2
0x0049	0x284C      	GOTO       L__INTERRUPT47
0x004A	0x3001      	MOVLW      1
0x004B	0x0660      	XORWF      _alert_state, 0
L__INTERRUPT47:
0x004C	0x1D03      	BTFSS      STATUS, 2
0x004D	0x2855      	GOTO       L_INTERRUPT9
;Smart_Home_version2.c,52 :: 		portb.b3=0;
0x004E	0x1283      	BCF        STATUS, 5
0x004F	0x1186      	BCF        PORTB, 3
;Smart_Home_version2.c,53 :: 		portb.b4=0;
0x0050	0x1206      	BCF        PORTB, 4
;Smart_Home_version2.c,54 :: 		alert_state=0;
0x0051	0x1683      	BSF        STATUS, 5
0x0052	0x01E0      	CLRF       _alert_state
0x0053	0x01E1      	CLRF       _alert_state+1
;Smart_Home_version2.c,55 :: 		}else if (alert_state==0)
0x0054	0x2865      	GOTO       L_INTERRUPT10
L_INTERRUPT9:
0x0055	0x3000      	MOVLW      0
0x0056	0x0661      	XORWF      _alert_state+1, 0
0x0057	0x1D03      	BTFSS      STATUS, 2
0x0058	0x285B      	GOTO       L__INTERRUPT48
0x0059	0x3000      	MOVLW      0
0x005A	0x0660      	XORWF      _alert_state, 0
L__INTERRUPT48:
0x005B	0x1D03      	BTFSS      STATUS, 2
0x005C	0x2865      	GOTO       L_INTERRUPT11
;Smart_Home_version2.c,57 :: 		portb.b3=1;
0x005D	0x1283      	BCF        STATUS, 5
0x005E	0x1586      	BSF        PORTB, 3
;Smart_Home_version2.c,58 :: 		portb.b4=1;
0x005F	0x1606      	BSF        PORTB, 4
;Smart_Home_version2.c,59 :: 		alert_state=1;
0x0060	0x3001      	MOVLW      1
0x0061	0x1683      	BSF        STATUS, 5
0x0062	0x00E0      	MOVWF      _alert_state
0x0063	0x3000      	MOVLW      0
0x0064	0x00E1      	MOVWF      _alert_state+1
;Smart_Home_version2.c,60 :: 		}
L_INTERRUPT11:
L_INTERRUPT10:
;Smart_Home_version2.c,62 :: 		}}else
L_INTERRUPT8:
0x0065	0x2866      	GOTO       L_INTERRUPT12
L_INTERRUPT6:
;Smart_Home_version2.c,65 :: 		}
L_INTERRUPT12:
0x0066	0x1683      	BSF        STATUS, 5
;Smart_Home_version2.c,66 :: 		statue=1;
0x0067	0x3001      	MOVLW      1
0x0068	0x00E2      	MOVWF      _statue
0x0069	0x3000      	MOVLW      0
0x006A	0x00E3      	MOVWF      _statue+1
;Smart_Home_version2.c,67 :: 		}else
0x006B	0x286E      	GOTO       L_INTERRUPT13
L_INTERRUPT1:
;Smart_Home_version2.c,69 :: 		statue=0;
0x006C	0x01E2      	CLRF       _statue
0x006D	0x01E3      	CLRF       _statue+1
;Smart_Home_version2.c,70 :: 		}
L_INTERRUPT13:
;Smart_Home_version2.c,76 :: 		}
L_end_INTERRUPT:
L__INTERRUPT45:
0x006E	0x1283      	BCF        STATUS, 5
0x006F	0x0822      	MOVF       34, 0
0x0070	0x00F0      	MOVWF      R0
0x0071	0x0821      	MOVF       33, 0
0x0072	0x00FC      	MOVWF      R12
0x0073	0x0820      	MOVF       32, 0
0x0074	0x00FD      	MOVWF      R13
0x0075	0x1703      	BSF        STATUS, 6
0x0076	0x0854      	MOVF       ___savePCLATH, 0
0x0077	0x008A      	MOVWF      PCLATH
0x0078	0x0E53      	SWAPF      ___saveSTATUS, 0
0x0079	0x0083      	MOVWF      STATUS
0x007A	0x0EFF      	SWAPF      R15, 1
0x007B	0x0E7F      	SWAPF      R15, 0
0x007C	0x0009      	RETFIE
; end of _INTERRUPT
_Delay_50us:
;__Lib_Delays.c,19 :: 		void Delay_50us() {
;__Lib_Delays.c,20 :: 		Delay_us(50);
0x007D	0x3021      	MOVLW      33
0x007E	0x1283      	BCF        STATUS, 5
0x007F	0x1303      	BCF        STATUS, 6
0x0080	0x00FD      	MOVWF      R13
L_Delay_50us2:
0x0081	0x0BFD      	DECFSZ     R13, 1
0x0082	0x2881      	GOTO       L_Delay_50us2
;__Lib_Delays.c,21 :: 		}
L_end_Delay_50us:
0x0083	0x0008      	RETURN
; end of _Delay_50us
_Delay_1us:
;__Lib_Delays.c,7 :: 		void Delay_1us() {
;__Lib_Delays.c,8 :: 		Delay_us(1);
0x0084	0x0000      	NOP
0x0085	0x0000      	NOP
;__Lib_Delays.c,9 :: 		}
L_end_Delay_1us:
0x0086	0x0008      	RETURN
; end of _Delay_1us
_Delay_5500us:
;__Lib_Delays.c,31 :: 		void Delay_5500us() {
;__Lib_Delays.c,32 :: 		Delay_us(5500);
0x0087	0x300F      	MOVLW      15
0x0088	0x1283      	BCF        STATUS, 5
0x0089	0x1303      	BCF        STATUS, 6
0x008A	0x00FC      	MOVWF      R12
0x008B	0x3047      	MOVLW      71
0x008C	0x00FD      	MOVWF      R13
L_Delay_5500us5:
0x008D	0x0BFD      	DECFSZ     R13, 1
0x008E	0x288D      	GOTO       L_Delay_5500us5
0x008F	0x0BFC      	DECFSZ     R12, 1
0x0090	0x288D      	GOTO       L_Delay_5500us5
0x0091	0x0000      	NOP
0x0092	0x0000      	NOP
;__Lib_Delays.c,33 :: 		}
L_end_Delay_5500us:
0x0093	0x0008      	RETURN
; end of _Delay_5500us
_Lcd_Cmd:
;__Lib_Lcd.c,18 :: 		
;__Lib_Lcd.c,20 :: 		
0x0094	0x1283      	BCF        STATUS, 5
0x0095	0x1703      	BSF        STATUS, 6
0x0096	0x1BDA      	BTFSC      FARG_Lcd_Cmd_out_char, 7
0x0097	0x289B      	GOTO       L__Lcd_Cmd21
0x0098	0x1303      	BCF        STATUS, 6
0x0099	0x1187      	BCF        LCD_D7, BitPos(LCD_D7+0)
0x009A	0x289D      	GOTO       L__Lcd_Cmd22
L__Lcd_Cmd21:
0x009B	0x1303      	BCF        STATUS, 6
0x009C	0x1587      	BSF        LCD_D7, BitPos(LCD_D7+0)
L__Lcd_Cmd22:
;__Lib_Lcd.c,21 :: 		
0x009D	0x1703      	BSF        STATUS, 6
0x009E	0x1B5A      	BTFSC      FARG_Lcd_Cmd_out_char, 6
0x009F	0x28A3      	GOTO       L__Lcd_Cmd23
0x00A0	0x1303      	BCF        STATUS, 6
0x00A1	0x1107      	BCF        LCD_D6, BitPos(LCD_D6+0)
0x00A2	0x28A5      	GOTO       L__Lcd_Cmd24
L__Lcd_Cmd23:
0x00A3	0x1303      	BCF        STATUS, 6
0x00A4	0x1507      	BSF        LCD_D6, BitPos(LCD_D6+0)
L__Lcd_Cmd24:
;__Lib_Lcd.c,22 :: 		
0x00A5	0x1703      	BSF        STATUS, 6
0x00A6	0x1ADA      	BTFSC      FARG_Lcd_Cmd_out_char, 5
0x00A7	0x28AB      	GOTO       L__Lcd_Cmd25
0x00A8	0x1303      	BCF        STATUS, 6
0x00A9	0x1087      	BCF        LCD_D5, BitPos(LCD_D5+0)
0x00AA	0x28AD      	GOTO       L__Lcd_Cmd26
L__Lcd_Cmd25:
0x00AB	0x1303      	BCF        STATUS, 6
0x00AC	0x1487      	BSF        LCD_D5, BitPos(LCD_D5+0)
L__Lcd_Cmd26:
;__Lib_Lcd.c,23 :: 		
0x00AD	0x1703      	BSF        STATUS, 6
0x00AE	0x1A5A      	BTFSC      FARG_Lcd_Cmd_out_char, 4
0x00AF	0x28B3      	GOTO       L__Lcd_Cmd27
0x00B0	0x1303      	BCF        STATUS, 6
0x00B1	0x1007      	BCF        LCD_D4, BitPos(LCD_D4+0)
0x00B2	0x28B5      	GOTO       L__Lcd_Cmd28
L__Lcd_Cmd27:
0x00B3	0x1303      	BCF        STATUS, 6
0x00B4	0x1407      	BSF        LCD_D4, BitPos(LCD_D4+0)
L__Lcd_Cmd28:
;__Lib_Lcd.c,25 :: 		
0x00B5	0x1703      	BSF        STATUS, 6
0x00B6	0x1852      	BTFSC      __Lib_Lcd_cmd_status, BitPos(__Lib_Lcd_cmd_status+0)
0x00B7	0x28BB      	GOTO       L__Lcd_Cmd29
0x00B8	0x1303      	BCF        STATUS, 6
0x00B9	0x1607      	BSF        LCD_RS, BitPos(LCD_RS+0)
0x00BA	0x28BD      	GOTO       L__Lcd_Cmd30
L__Lcd_Cmd29:
0x00BB	0x1303      	BCF        STATUS, 6
0x00BC	0x1207      	BCF        LCD_RS, BitPos(LCD_RS+0)
L__Lcd_Cmd30:
;__Lib_Lcd.c,28 :: 		
0x00BD	0x1687      	BSF        LCD_EN, BitPos(LCD_EN+0)
;__Lib_Lcd.c,29 :: 		
0x00BE	0x2084      	CALL       _Delay_1us
;__Lib_Lcd.c,30 :: 		
0x00BF	0x1287      	BCF        LCD_EN, BitPos(LCD_EN+0)
;__Lib_Lcd.c,33 :: 		
0x00C0	0x1703      	BSF        STATUS, 6
0x00C1	0x19DA      	BTFSC      FARG_Lcd_Cmd_out_char, 3
0x00C2	0x28C6      	GOTO       L__Lcd_Cmd31
0x00C3	0x1303      	BCF        STATUS, 6
0x00C4	0x1187      	BCF        LCD_D7, BitPos(LCD_D7+0)
0x00C5	0x28C8      	GOTO       L__Lcd_Cmd32
L__Lcd_Cmd31:
0x00C6	0x1303      	BCF        STATUS, 6
0x00C7	0x1587      	BSF        LCD_D7, BitPos(LCD_D7+0)
L__Lcd_Cmd32:
;__Lib_Lcd.c,34 :: 		
0x00C8	0x1703      	BSF        STATUS, 6
0x00C9	0x195A      	BTFSC      FARG_Lcd_Cmd_out_char, 2
0x00CA	0x28CE      	GOTO       L__Lcd_Cmd33
0x00CB	0x1303      	BCF        STATUS, 6
0x00CC	0x1107      	BCF        LCD_D6, BitPos(LCD_D6+0)
0x00CD	0x28D0      	GOTO       L__Lcd_Cmd34
L__Lcd_Cmd33:
0x00CE	0x1303      	BCF        STATUS, 6
0x00CF	0x1507      	BSF        LCD_D6, BitPos(LCD_D6+0)
L__Lcd_Cmd34:
;__Lib_Lcd.c,35 :: 		
0x00D0	0x1703      	BSF        STATUS, 6
0x00D1	0x18DA      	BTFSC      FARG_Lcd_Cmd_out_char, 1
0x00D2	0x28D6      	GOTO       L__Lcd_Cmd35
0x00D3	0x1303      	BCF        STATUS, 6
0x00D4	0x1087      	BCF        LCD_D5, BitPos(LCD_D5+0)
0x00D5	0x28D8      	GOTO       L__Lcd_Cmd36
L__Lcd_Cmd35:
0x00D6	0x1303      	BCF        STATUS, 6
0x00D7	0x1487      	BSF        LCD_D5, BitPos(LCD_D5+0)
L__Lcd_Cmd36:
;__Lib_Lcd.c,36 :: 		
0x00D8	0x1703      	BSF        STATUS, 6
0x00D9	0x185A      	BTFSC      FARG_Lcd_Cmd_out_char, 0
0x00DA	0x28DE      	GOTO       L__Lcd_Cmd37
0x00DB	0x1303      	BCF        STATUS, 6
0x00DC	0x1007      	BCF        LCD_D4, BitPos(LCD_D4+0)
0x00DD	0x28E0      	GOTO       L__Lcd_Cmd38
L__Lcd_Cmd37:
0x00DE	0x1303      	BCF        STATUS, 6
0x00DF	0x1407      	BSF        LCD_D4, BitPos(LCD_D4+0)
L__Lcd_Cmd38:
;__Lib_Lcd.c,38 :: 		
0x00E0	0x1703      	BSF        STATUS, 6
0x00E1	0x1852      	BTFSC      __Lib_Lcd_cmd_status, BitPos(__Lib_Lcd_cmd_status+0)
0x00E2	0x28E6      	GOTO       L__Lcd_Cmd39
0x00E3	0x1303      	BCF        STATUS, 6
0x00E4	0x1607      	BSF        LCD_RS, BitPos(LCD_RS+0)
0x00E5	0x28E8      	GOTO       L__Lcd_Cmd40
L__Lcd_Cmd39:
0x00E6	0x1303      	BCF        STATUS, 6
0x00E7	0x1207      	BCF        LCD_RS, BitPos(LCD_RS+0)
L__Lcd_Cmd40:
;__Lib_Lcd.c,40 :: 		
0x00E8	0x1687      	BSF        LCD_EN, BitPos(LCD_EN+0)
;__Lib_Lcd.c,41 :: 		
0x00E9	0x2084      	CALL       _Delay_1us
;__Lib_Lcd.c,42 :: 		
0x00EA	0x1287      	BCF        LCD_EN, BitPos(LCD_EN+0)
;__Lib_Lcd.c,44 :: 		
0x00EB	0x1703      	BSF        STATUS, 6
0x00EC	0x1C52      	BTFSS      __Lib_Lcd_cmd_status, BitPos(__Lib_Lcd_cmd_status+0)
0x00ED	0x28F0      	GOTO       L_Lcd_Cmd0
;__Lib_Lcd.c,45 :: 		
0x00EE	0x2087      	CALL       _Delay_5500us
0x00EF	0x28F1      	GOTO       L_Lcd_Cmd1
L_Lcd_Cmd0:
;__Lib_Lcd.c,47 :: 		
0x00F0	0x207D      	CALL       _Delay_50us
L_Lcd_Cmd1:
;__Lib_Lcd.c,48 :: 		
L_end_Lcd_Cmd:
0x00F1	0x0008      	RETURN
; end of _Lcd_Cmd
_Lcd_Chr_CP:
;__Lib_Lcd.c,50 :: 		
;__Lib_Lcd.c,52 :: 		
0x00F2	0x1283      	BCF        STATUS, 5
0x00F3	0x1703      	BSF        STATUS, 6
0x00F4	0x1052      	BCF        __Lib_Lcd_cmd_status, BitPos(__Lib_Lcd_cmd_status+0)
;__Lib_Lcd.c,53 :: 		
0x00F5	0x0859      	MOVF       FARG_Lcd_Chr_CP_out_char, 0
0x00F6	0x00DA      	MOVWF      FARG_Lcd_Cmd_out_char
0x00F7	0x2094      	CALL       _Lcd_Cmd
;__Lib_Lcd.c,54 :: 		
0x00F8	0x1703      	BSF        STATUS, 6
0x00F9	0x1452      	BSF        __Lib_Lcd_cmd_status, BitPos(__Lib_Lcd_cmd_status+0)
;__Lib_Lcd.c,55 :: 		
L_end_Lcd_Chr_CP:
0x00FA	0x0008      	RETURN
; end of _Lcd_Chr_CP
_____DoICP:
;__Lib_System.c,6 :: 		
;__Lib_System.c,9 :: 		
0x00FB	0x1683      	BSF        STATUS, 5
0x00FC	0x1303      	BCF        STATUS, 6
0x00FD	0x086F      	MOVF       ___DoICPAddr+1, 0
0x00FE	0x008A      	MOVWF      PCLATH
;__Lib_System.c,10 :: 		
0x00FF	0x086E      	MOVF       ___DoICPAddr, 0
0x0100	0x0082      	MOVWF      PCL
;__Lib_System.c,12 :: 		
L_end_____DoICP:
0x0101	0x0008      	RETURN
; end of _____DoICP
_UART1_Init:
;__Lib_UART_c67.c,2 :: 		
;__Lib_UART_c67.c,5 :: 		
0x0102	0x1683      	BSF        STATUS, 5
0x0103	0x1303      	BCF        STATUS, 6
0x0104	0x1698      	BSF        TXSTA, 5
;__Lib_UART_c67.c,6 :: 		
0x0105	0x3090      	MOVLW      144
0x0106	0x1283      	BCF        STATUS, 5
0x0107	0x0098      	MOVWF      RCSTA
;__Lib_UART_c67.c,7 :: 		
0x0108	0x1683      	BSF        STATUS, 5
0x0109	0x1787      	BSF        TRISC7_bit, BitPos(TRISC7_bit+0)
;__Lib_UART_c67.c,8 :: 		
0x010A	0x1307      	BCF        TRISC6_bit, BitPos(TRISC6_bit+0)
;__Lib_UART_c67.c,10 :: 		
L_UART1_Init0:
0x010B	0x1283      	BCF        STATUS, 5
0x010C	0x1E8C      	BTFSS      PIR1, 5
0x010D	0x2911      	GOTO       L_UART1_Init1
;__Lib_UART_c67.c,11 :: 		
0x010E	0x081A      	MOVF       RCREG, 0
0x010F	0x00F0      	MOVWF      R0
0x0110	0x290B      	GOTO       L_UART1_Init0
L_UART1_Init1:
;__Lib_UART_c67.c,12 :: 		
L_end_UART1_Init:
0x0111	0x0008      	RETURN
; end of _UART1_Init
_Lcd_Out:
;__Lib_Lcd.c,184 :: 		
;__Lib_Lcd.c,187 :: 		
0x0112	0x2924      	GOTO       L_Lcd_Out11
;__Lib_Lcd.c,188 :: 		
L_Lcd_Out13:
0x0113	0x3080      	MOVLW      128
0x0114	0x1283      	BCF        STATUS, 5
0x0115	0x1703      	BSF        STATUS, 6
0x0116	0x00D5      	MOVWF      FARG_Lcd_Out_row
0x0117	0x2937      	GOTO       L_Lcd_Out12
;__Lib_Lcd.c,189 :: 		
L_Lcd_Out14:
0x0118	0x30C0      	MOVLW      192
0x0119	0x00D5      	MOVWF      FARG_Lcd_Out_row
0x011A	0x2937      	GOTO       L_Lcd_Out12
;__Lib_Lcd.c,190 :: 		
L_Lcd_Out15:
0x011B	0x3094      	MOVLW      148
0x011C	0x00D5      	MOVWF      FARG_Lcd_Out_row
0x011D	0x2937      	GOTO       L_Lcd_Out12
;__Lib_Lcd.c,191 :: 		
L_Lcd_Out16:
0x011E	0x30D4      	MOVLW      212
0x011F	0x00D5      	MOVWF      FARG_Lcd_Out_row
0x0120	0x2937      	GOTO       L_Lcd_Out12
;__Lib_Lcd.c,192 :: 		
L_Lcd_Out17:
0x0121	0x3080      	MOVLW      128
0x0122	0x00D5      	MOVWF      FARG_Lcd_Out_row
;__Lib_Lcd.c,193 :: 		
0x0123	0x2937      	GOTO       L_Lcd_Out12
L_Lcd_Out11:
0x0124	0x1283      	BCF        STATUS, 5
0x0125	0x1703      	BSF        STATUS, 6
0x0126	0x0855      	MOVF       FARG_Lcd_Out_row, 0
0x0127	0x3A01      	XORLW      1
0x0128	0x1903      	BTFSC      STATUS, 2
0x0129	0x2913      	GOTO       L_Lcd_Out13
0x012A	0x0855      	MOVF       FARG_Lcd_Out_row, 0
0x012B	0x3A02      	XORLW      2
0x012C	0x1903      	BTFSC      STATUS, 2
0x012D	0x2918      	GOTO       L_Lcd_Out14
0x012E	0x0855      	MOVF       FARG_Lcd_Out_row, 0
0x012F	0x3A03      	XORLW      3
0x0130	0x1903      	BTFSC      STATUS, 2
0x0131	0x291B      	GOTO       L_Lcd_Out15
0x0132	0x0855      	MOVF       FARG_Lcd_Out_row, 0
0x0133	0x3A04      	XORLW      4
0x0134	0x1903      	BTFSC      STATUS, 2
0x0135	0x291E      	GOTO       L_Lcd_Out16
0x0136	0x2921      	GOTO       L_Lcd_Out17
L_Lcd_Out12:
;__Lib_Lcd.c,194 :: 		
0x0137	0x0356      	DECF       FARG_Lcd_Out_column, 0
0x0138	0x00F0      	MOVWF      R0
0x0139	0x0855      	MOVF       FARG_Lcd_Out_row, 0
0x013A	0x07F0      	ADDWF      R0, 1
0x013B	0x0870      	MOVF       R0, 0
0x013C	0x00D5      	MOVWF      FARG_Lcd_Out_row
;__Lib_Lcd.c,196 :: 		
0x013D	0x0870      	MOVF       R0, 0
0x013E	0x00DA      	MOVWF      FARG_Lcd_Cmd_out_char
0x013F	0x2094      	CALL       _Lcd_Cmd
;__Lib_Lcd.c,197 :: 		
0x0140	0x1703      	BSF        STATUS, 6
0x0141	0x1052      	BCF        __Lib_Lcd_cmd_status, BitPos(__Lib_Lcd_cmd_status+0)
;__Lib_Lcd.c,198 :: 		
0x0142	0x01D8      	CLRF       Lcd_Out_i_L0
;__Lib_Lcd.c,199 :: 		
L_Lcd_Out18:
0x0143	0x0858      	MOVF       Lcd_Out_i_L0, 0
0x0144	0x0757      	ADDWF      FARG_Lcd_Out_text, 0
0x0145	0x0084      	MOVWF      FSR
0x0146	0x0800      	MOVF       INDF, 0
0x0147	0x1903      	BTFSC      STATUS, 2
0x0148	0x2951      	GOTO       L_Lcd_Out19
;__Lib_Lcd.c,200 :: 		
0x0149	0x0858      	MOVF       Lcd_Out_i_L0, 0
0x014A	0x0757      	ADDWF      FARG_Lcd_Out_text, 0
0x014B	0x0084      	MOVWF      FSR
0x014C	0x0800      	MOVF       INDF, 0
0x014D	0x00D9      	MOVWF      FARG_Lcd_Chr_CP_out_char
0x014E	0x20F2      	CALL       _Lcd_Chr_CP
0x014F	0x0AD8      	INCF       Lcd_Out_i_L0, 1
0x0150	0x2943      	GOTO       L_Lcd_Out18
L_Lcd_Out19:
;__Lib_Lcd.c,201 :: 		
0x0151	0x1452      	BSF        __Lib_Lcd_cmd_status, BitPos(__Lib_Lcd_cmd_status+0)
;__Lib_Lcd.c,202 :: 		
L_end_Lcd_Out:
0x0152	0x0008      	RETURN
; end of _Lcd_Out
_UART1_Data_Ready:
;__Lib_UART_c67.c,16 :: 		
;__Lib_UART_c67.c,17 :: 		
0x0153	0x3000      	MOVLW      0
0x0154	0x1283      	BCF        STATUS, 5
0x0155	0x1303      	BCF        STATUS, 6
0x0156	0x1A8C      	BTFSC      PIR1, 5
0x0157	0x3001      	MOVLW      1
0x0158	0x00F0      	MOVWF      R0
;__Lib_UART_c67.c,18 :: 		
L_end_UART1_Data_Ready:
0x0159	0x0008      	RETURN
; end of _UART1_Data_Ready
_UART1_Read:
;__Lib_UART_c67.c,21 :: 		
;__Lib_UART_c67.c,24 :: 		
0x015A	0x1283      	BCF        STATUS, 5
0x015B	0x1303      	BCF        STATUS, 6
0x015C	0x081A      	MOVF       RCREG, 0
0x015D	0x00F1      	MOVWF      R1
;__Lib_UART_c67.c,25 :: 		
0x015E	0x1C98      	BTFSS      RCSTA, 1
0x015F	0x2962      	GOTO       L_UART1_Read2
;__Lib_UART_c67.c,26 :: 		
0x0160	0x1218      	BCF        RCSTA, 4
;__Lib_UART_c67.c,27 :: 		
0x0161	0x1618      	BSF        RCSTA, 4
;__Lib_UART_c67.c,28 :: 		
L_UART1_Read2:
;__Lib_UART_c67.c,29 :: 		
0x0162	0x0871      	MOVF       R1, 0
0x0163	0x00F0      	MOVWF      R0
;__Lib_UART_c67.c,30 :: 		
L_end_UART1_Read:
0x0164	0x0008      	RETURN
; end of _UART1_Read
___CC2DW:
;__Lib_System.c,134 :: 		
;__Lib_System.c,137 :: 		
_CC2D_Loop1:
;__Lib_System.c,139 :: 		
0x0165	0x20FB      	CALL       _____DoICP
0x0166	0x118A      	BCF        PCLATH, 3
0x0167	0x120A      	BCF        PCLATH, 4
;__Lib_System.c,141 :: 		
0x0168	0x0080      	MOVWF      INDF
;__Lib_System.c,142 :: 		
0x0169	0x0A84      	INCF       FSR, 1
;__Lib_System.c,143 :: 		
0x016A	0x0AEE      	INCF       ___DoICPAddr, 1
;__Lib_System.c,145 :: 		
0x016B	0x1903      	BTFSC      STATUS, 2
;__Lib_System.c,146 :: 		
0x016C	0x0AEF      	INCF       ___DoICPAddr+1, 1
;__Lib_System.c,147 :: 		
0x016D	0x03F0      	DECF       R0, 1
;__Lib_System.c,149 :: 		
0x016E	0x1D03      	BTFSS      STATUS, 2
;__Lib_System.c,150 :: 		
0x016F	0x2965      	GOTO       _CC2D_Loop1
;__Lib_System.c,152 :: 		
L_end___CC2DW:
0x0170	0x0008      	RETURN
; end of ___CC2DW
_Lcd_Init:
;__Lib_Lcd.c,84 :: 		
;__Lib_Lcd.c,86 :: 		
0x0171	0x1683      	BSF        STATUS, 5
0x0172	0x1303      	BCF        STATUS, 6
0x0173	0x1287      	BCF        LCD_EN_Direction, BitPos(LCD_EN_Direction+0)
;__Lib_Lcd.c,87 :: 		
0x0174	0x1207      	BCF        LCD_RS_Direction, BitPos(LCD_RS_Direction+0)
;__Lib_Lcd.c,88 :: 		
0x0175	0x1007      	BCF        LCD_D4_Direction, BitPos(LCD_D4_Direction+0)
;__Lib_Lcd.c,89 :: 		
0x0176	0x1087      	BCF        LCD_D5_Direction, BitPos(LCD_D5_Direction+0)
;__Lib_Lcd.c,90 :: 		
0x0177	0x1107      	BCF        LCD_D6_Direction, BitPos(LCD_D6_Direction+0)
;__Lib_Lcd.c,91 :: 		
0x0178	0x1187      	BCF        LCD_D7_Direction, BitPos(LCD_D7_Direction+0)
;__Lib_Lcd.c,93 :: 		
0x0179	0x1283      	BCF        STATUS, 5
0x017A	0x1287      	BCF        LCD_EN, BitPos(LCD_EN+0)
;__Lib_Lcd.c,94 :: 		
0x017B	0x1207      	BCF        LCD_RS, BitPos(LCD_RS+0)
;__Lib_Lcd.c,95 :: 		
0x017C	0x1187      	BCF        LCD_D7, BitPos(LCD_D7+0)
;__Lib_Lcd.c,96 :: 		
0x017D	0x1107      	BCF        LCD_D6, BitPos(LCD_D6+0)
;__Lib_Lcd.c,97 :: 		
0x017E	0x1087      	BCF        LCD_D5, BitPos(LCD_D5+0)
;__Lib_Lcd.c,98 :: 		
0x017F	0x1007      	BCF        LCD_D4, BitPos(LCD_D4+0)
;__Lib_Lcd.c,100 :: 		
0x0180	0x2087      	CALL       _Delay_5500us
;__Lib_Lcd.c,101 :: 		
0x0181	0x2087      	CALL       _Delay_5500us
;__Lib_Lcd.c,102 :: 		
0x0182	0x2087      	CALL       _Delay_5500us
;__Lib_Lcd.c,105 :: 		
0x0183	0x1487      	BSF        LCD_D5, BitPos(LCD_D5+0)
;__Lib_Lcd.c,106 :: 		
0x0184	0x1407      	BSF        LCD_D4, BitPos(LCD_D4+0)
;__Lib_Lcd.c,107 :: 		
0x0185	0x1687      	BSF        LCD_EN, BitPos(LCD_EN+0)
;__Lib_Lcd.c,108 :: 		
0x0186	0x2084      	CALL       _Delay_1us
;__Lib_Lcd.c,109 :: 		
0x0187	0x1287      	BCF        LCD_EN, BitPos(LCD_EN+0)
;__Lib_Lcd.c,110 :: 		
0x0188	0x2087      	CALL       _Delay_5500us
;__Lib_Lcd.c,112 :: 		
0x0189	0x1687      	BSF        LCD_EN, BitPos(LCD_EN+0)
;__Lib_Lcd.c,113 :: 		
0x018A	0x2084      	CALL       _Delay_1us
;__Lib_Lcd.c,114 :: 		
0x018B	0x1287      	BCF        LCD_EN, BitPos(LCD_EN+0)
;__Lib_Lcd.c,115 :: 		
0x018C	0x2087      	CALL       _Delay_5500us
;__Lib_Lcd.c,117 :: 		
0x018D	0x1687      	BSF        LCD_EN, BitPos(LCD_EN+0)
;__Lib_Lcd.c,118 :: 		
0x018E	0x2084      	CALL       _Delay_1us
;__Lib_Lcd.c,119 :: 		
0x018F	0x1287      	BCF        LCD_EN, BitPos(LCD_EN+0)
;__Lib_Lcd.c,120 :: 		
0x0190	0x2087      	CALL       _Delay_5500us
;__Lib_Lcd.c,123 :: 		
0x0191	0x1007      	BCF        LCD_D4, BitPos(LCD_D4+0)
;__Lib_Lcd.c,124 :: 		
0x0192	0x1687      	BSF        LCD_EN, BitPos(LCD_EN+0)
;__Lib_Lcd.c,125 :: 		
0x0193	0x2084      	CALL       _Delay_1us
;__Lib_Lcd.c,126 :: 		
0x0194	0x1287      	BCF        LCD_EN, BitPos(LCD_EN+0)
;__Lib_Lcd.c,127 :: 		
0x0195	0x2087      	CALL       _Delay_5500us
;__Lib_Lcd.c,130 :: 		
0x0196	0x1687      	BSF        LCD_EN, BitPos(LCD_EN+0)
;__Lib_Lcd.c,131 :: 		
0x0197	0x2084      	CALL       _Delay_1us
;__Lib_Lcd.c,132 :: 		
0x0198	0x1287      	BCF        LCD_EN, BitPos(LCD_EN+0)
;__Lib_Lcd.c,134 :: 		
0x0199	0x1087      	BCF        LCD_D5, BitPos(LCD_D5+0)
;__Lib_Lcd.c,135 :: 		
0x019A	0x1587      	BSF        LCD_D7, BitPos(LCD_D7+0)
;__Lib_Lcd.c,136 :: 		
0x019B	0x1687      	BSF        LCD_EN, BitPos(LCD_EN+0)
;__Lib_Lcd.c,137 :: 		
0x019C	0x2084      	CALL       _Delay_1us
;__Lib_Lcd.c,138 :: 		
0x019D	0x1287      	BCF        LCD_EN, BitPos(LCD_EN+0)
;__Lib_Lcd.c,139 :: 		
0x019E	0x2087      	CALL       _Delay_5500us
;__Lib_Lcd.c,142 :: 		
0x019F	0x1187      	BCF        LCD_D7, BitPos(LCD_D7+0)
;__Lib_Lcd.c,143 :: 		
0x01A0	0x1407      	BSF        LCD_D4, BitPos(LCD_D4+0)
;__Lib_Lcd.c,144 :: 		
0x01A1	0x1687      	BSF        LCD_EN, BitPos(LCD_EN+0)
;__Lib_Lcd.c,145 :: 		
0x01A2	0x2084      	CALL       _Delay_1us
;__Lib_Lcd.c,146 :: 		
0x01A3	0x1287      	BCF        LCD_EN, BitPos(LCD_EN+0)
;__Lib_Lcd.c,148 :: 		
0x01A4	0x1007      	BCF        LCD_D4, BitPos(LCD_D4+0)
;__Lib_Lcd.c,149 :: 		
0x01A5	0x1687      	BSF        LCD_EN, BitPos(LCD_EN+0)
;__Lib_Lcd.c,150 :: 		
0x01A6	0x2084      	CALL       _Delay_1us
;__Lib_Lcd.c,151 :: 		
0x01A7	0x1287      	BCF        LCD_EN, BitPos(LCD_EN+0)
;__Lib_Lcd.c,152 :: 		
0x01A8	0x2087      	CALL       _Delay_5500us
;__Lib_Lcd.c,155 :: 		
0x01A9	0x1687      	BSF        LCD_EN, BitPos(LCD_EN+0)
;__Lib_Lcd.c,156 :: 		
0x01AA	0x2084      	CALL       _Delay_1us
;__Lib_Lcd.c,157 :: 		
0x01AB	0x1287      	BCF        LCD_EN, BitPos(LCD_EN+0)
;__Lib_Lcd.c,159 :: 		
0x01AC	0x1407      	BSF        LCD_D4, BitPos(LCD_D4+0)
;__Lib_Lcd.c,160 :: 		
0x01AD	0x1687      	BSF        LCD_EN, BitPos(LCD_EN+0)
;__Lib_Lcd.c,161 :: 		
0x01AE	0x2084      	CALL       _Delay_1us
;__Lib_Lcd.c,162 :: 		
0x01AF	0x1287      	BCF        LCD_EN, BitPos(LCD_EN+0)
;__Lib_Lcd.c,163 :: 		
0x01B0	0x2087      	CALL       _Delay_5500us
;__Lib_Lcd.c,166 :: 		
0x01B1	0x1007      	BCF        LCD_D4, BitPos(LCD_D4+0)
;__Lib_Lcd.c,167 :: 		
0x01B2	0x1687      	BSF        LCD_EN, BitPos(LCD_EN+0)
;__Lib_Lcd.c,168 :: 		
0x01B3	0x2084      	CALL       _Delay_1us
;__Lib_Lcd.c,169 :: 		
0x01B4	0x1287      	BCF        LCD_EN, BitPos(LCD_EN+0)
;__Lib_Lcd.c,171 :: 		
0x01B5	0x1587      	BSF        LCD_D7, BitPos(LCD_D7+0)
;__Lib_Lcd.c,172 :: 		
0x01B6	0x1507      	BSF        LCD_D6, BitPos(LCD_D6+0)
;__Lib_Lcd.c,173 :: 		
0x01B7	0x1487      	BSF        LCD_D5, BitPos(LCD_D5+0)
;__Lib_Lcd.c,174 :: 		
0x01B8	0x1407      	BSF        LCD_D4, BitPos(LCD_D4+0)
;__Lib_Lcd.c,175 :: 		
0x01B9	0x1687      	BSF        LCD_EN, BitPos(LCD_EN+0)
;__Lib_Lcd.c,176 :: 		
0x01BA	0x2084      	CALL       _Delay_1us
;__Lib_Lcd.c,177 :: 		
0x01BB	0x1287      	BCF        LCD_EN, BitPos(LCD_EN+0)
;__Lib_Lcd.c,179 :: 		
0x01BC	0x2087      	CALL       _Delay_5500us
;__Lib_Lcd.c,181 :: 		
0x01BD	0x1703      	BSF        STATUS, 6
0x01BE	0x1452      	BSF        __Lib_Lcd_cmd_status, BitPos(__Lib_Lcd_cmd_status+0)
;__Lib_Lcd.c,182 :: 		
L_end_Lcd_Init:
0x01BF	0x0008      	RETURN
; end of _Lcd_Init
_main:
0x01C0	0x240E      	CALL       1038
;Smart_Home_version2.c,79 :: 		void main() {
;Smart_Home_version2.c,82 :: 		UART1_Init(9600);
0x01C1	0x3033      	MOVLW      51
0x01C2	0x1683      	BSF        STATUS, 5
0x01C3	0x1303      	BCF        STATUS, 6
0x01C4	0x0099      	MOVWF      SPBRG
0x01C5	0x1518      	BSF        TXSTA, 2
0x01C6	0x2102      	CALL       _UART1_Init
;Smart_Home_version2.c,83 :: 		lcd_Init();
0x01C7	0x2171      	CALL       _Lcd_Init
;Smart_Home_version2.c,84 :: 		option_reg=0b10000000;
0x01C8	0x3080      	MOVLW      128
0x01C9	0x1683      	BSF        STATUS, 5
0x01CA	0x1303      	BCF        STATUS, 6
0x01CB	0x0081      	MOVWF      OPTION_REG
;Smart_Home_version2.c,85 :: 		INTCON=0b10001000;
0x01CC	0x3088      	MOVLW      136
0x01CD	0x008B      	MOVWF      INTCON
;Smart_Home_version2.c,87 :: 		TRISB=0b11000011;
0x01CE	0x30C3      	MOVLW      195
0x01CF	0x0086      	MOVWF      TRISB
;Smart_Home_version2.c,88 :: 		portb.b1=0;
0x01D0	0x1283      	BCF        STATUS, 5
0x01D1	0x1086      	BCF        PORTB, 1
;Smart_Home_version2.c,89 :: 		portb.b2=0;
0x01D2	0x1106      	BCF        PORTB, 2
;Smart_Home_version2.c,91 :: 		portb=0x00;
0x01D3	0x0186      	CLRF       PORTB
;Smart_Home_version2.c,92 :: 		TRISD=0;
0x01D4	0x1683      	BSF        STATUS, 5
0x01D5	0x0188      	CLRF       TRISD
;Smart_Home_version2.c,93 :: 		portd=0x00;
0x01D6	0x1283      	BCF        STATUS, 5
0x01D7	0x0188      	CLRF       PORTD
;Smart_Home_version2.c,94 :: 		portd.b4=0;
0x01D8	0x1208      	BCF        PORTD, 4
;Smart_Home_version2.c,95 :: 		portd.b5=1;
0x01D9	0x1688      	BSF        PORTD, 5
;Smart_Home_version2.c,96 :: 		portd.b6=0;
0x01DA	0x1308      	BCF        PORTD, 6
;Smart_Home_version2.c,97 :: 		portd.b7=1;
0x01DB	0x1788      	BSF        PORTD, 7
;Smart_Home_version2.c,99 :: 		Lcd_Cmd(_LCD_CURSOR_OFF);
0x01DC	0x300C      	MOVLW      12
0x01DD	0x1703      	BSF        STATUS, 6
0x01DE	0x00DA      	MOVWF      FARG_Lcd_Cmd_out_char
0x01DF	0x2094      	CALL       _Lcd_Cmd
;Smart_Home_version2.c,100 :: 		while(1)
L_main14:
;Smart_Home_version2.c,103 :: 		if (UART1_Data_Ready() == 1)
0x01E0	0x2153      	CALL       _UART1_Data_Ready
0x01E1	0x0870      	MOVF       R0, 0
0x01E2	0x3A01      	XORLW      1
0x01E3	0x1D03      	BTFSS      STATUS, 2
0x01E4	0x2B26      	GOTO       L_main16
;Smart_Home_version2.c,106 :: 		lcd_out(1,1,"good");
0x01E5	0x3001      	MOVLW      1
0x01E6	0x1703      	BSF        STATUS, 6
0x01E7	0x00D5      	MOVWF      FARG_Lcd_Out_row
0x01E8	0x3001      	MOVLW      1
0x01E9	0x00D6      	MOVWF      FARG_Lcd_Out_column
0x01EA	0x3061      	MOVLW      ?lstr1_Smart_Home_version2
0x01EB	0x00D7      	MOVWF      FARG_Lcd_Out_text
0x01EC	0x2112      	CALL       _Lcd_Out
;Smart_Home_version2.c,107 :: 		deto = UART1_Read();
0x01ED	0x215A      	CALL       _UART1_Read
0x01EE	0x0870      	MOVF       R0, 0
0x01EF	0x1703      	BSF        STATUS, 6
0x01F0	0x00D1      	MOVWF      _deto
;Smart_Home_version2.c,108 :: 		if(deto =='1')
0x01F1	0x0870      	MOVF       R0, 0
0x01F2	0x3A31      	XORLW      49
0x01F3	0x1D03      	BTFSS      STATUS, 2
0x01F4	0x2A22      	GOTO       L_main17
;Smart_Home_version2.c,110 :: 		if(portd.b0==0)
0x01F5	0x1303      	BCF        STATUS, 6
0x01F6	0x1808      	BTFSC      PORTD, 0
0x01F7	0x2A0D      	GOTO       L_main18
;Smart_Home_version2.c,111 :: 		{portd.b0=1;
0x01F8	0x1408      	BSF        PORTD, 0
;Smart_Home_version2.c,112 :: 		Lcd_Cmd(_LCD_CLEAR);
0x01F9	0x3001      	MOVLW      1
0x01FA	0x1703      	BSF        STATUS, 6
0x01FB	0x00DA      	MOVWF      FARG_Lcd_Cmd_out_char
0x01FC	0x2094      	CALL       _Lcd_Cmd
;Smart_Home_version2.c,113 :: 		lcd_out(1,1,"good");
0x01FD	0x3001      	MOVLW      1
0x01FE	0x1703      	BSF        STATUS, 6
0x01FF	0x00D5      	MOVWF      FARG_Lcd_Out_row
0x0200	0x3001      	MOVLW      1
0x0201	0x00D6      	MOVWF      FARG_Lcd_Out_column
0x0202	0x30A0      	MOVLW      ?lstr2_Smart_Home_version2
0x0203	0x00D7      	MOVWF      FARG_Lcd_Out_text
0x0204	0x2112      	CALL       _Lcd_Out
;Smart_Home_version2.c,114 :: 		lcd_out(2,1,"room 1 on");}
0x0205	0x3002      	MOVLW      2
0x0206	0x00D5      	MOVWF      FARG_Lcd_Out_row
0x0207	0x3001      	MOVLW      1
0x0208	0x00D6      	MOVWF      FARG_Lcd_Out_column
0x0209	0x3066      	MOVLW      ?lstr3_Smart_Home_version2
0x020A	0x00D7      	MOVWF      FARG_Lcd_Out_text
0x020B	0x2112      	CALL       _Lcd_Out
0x020C	0x2A21      	GOTO       L_main19
L_main18:
0x020D	0x1703      	BSF        STATUS, 6
;Smart_Home_version2.c,116 :: 		{Lcd_Cmd(_LCD_CLEAR);
0x020E	0x3001      	MOVLW      1
0x020F	0x00DA      	MOVWF      FARG_Lcd_Cmd_out_char
0x0210	0x2094      	CALL       _Lcd_Cmd
;Smart_Home_version2.c,117 :: 		portd.b0=0;
0x0211	0x1008      	BCF        PORTD, 0
;Smart_Home_version2.c,118 :: 		lcd_out(1,1,"good");
0x0212	0x3001      	MOVLW      1
0x0213	0x1703      	BSF        STATUS, 6
0x0214	0x00D5      	MOVWF      FARG_Lcd_Out_row
0x0215	0x3001      	MOVLW      1
0x0216	0x00D6      	MOVWF      FARG_Lcd_Out_column
0x0217	0x305C      	MOVLW      ?lstr4_Smart_Home_version2
0x0218	0x00D7      	MOVWF      FARG_Lcd_Out_text
0x0219	0x2112      	CALL       _Lcd_Out
;Smart_Home_version2.c,119 :: 		lcd_out(2,1,"room 1 off");}
0x021A	0x3002      	MOVLW      2
0x021B	0x00D5      	MOVWF      FARG_Lcd_Out_row
0x021C	0x3001      	MOVLW      1
0x021D	0x00D6      	MOVWF      FARG_Lcd_Out_column
0x021E	0x3032      	MOVLW      ?lstr5_Smart_Home_version2
0x021F	0x00D7      	MOVWF      FARG_Lcd_Out_text
0x0220	0x2112      	CALL       _Lcd_Out
L_main19:
;Smart_Home_version2.c,122 :: 		}else if(deto == '2')
0x0221	0x2B25      	GOTO       L_main20
L_main17:
0x0222	0x0851      	MOVF       _deto, 0
0x0223	0x3A32      	XORLW      50
0x0224	0x1D03      	BTFSS      STATUS, 2
0x0225	0x2A53      	GOTO       L_main21
;Smart_Home_version2.c,124 :: 		if(portd.b1==0)
0x0226	0x1303      	BCF        STATUS, 6
0x0227	0x1888      	BTFSC      PORTD, 1
0x0228	0x2A3E      	GOTO       L_main22
;Smart_Home_version2.c,125 :: 		{portd.b1=1;
0x0229	0x1488      	BSF        PORTD, 1
;Smart_Home_version2.c,126 :: 		Lcd_Cmd(_LCD_CLEAR);
0x022A	0x3001      	MOVLW      1
0x022B	0x1703      	BSF        STATUS, 6
0x022C	0x00DA      	MOVWF      FARG_Lcd_Cmd_out_char
0x022D	0x2094      	CALL       _Lcd_Cmd
;Smart_Home_version2.c,127 :: 		lcd_out(1,1,"good");
0x022E	0x3001      	MOVLW      1
0x022F	0x1703      	BSF        STATUS, 6
0x0230	0x00D5      	MOVWF      FARG_Lcd_Out_row
0x0231	0x3001      	MOVLW      1
0x0232	0x00D6      	MOVWF      FARG_Lcd_Out_column
0x0233	0x302D      	MOVLW      ?lstr6_Smart_Home_version2
0x0234	0x00D7      	MOVWF      FARG_Lcd_Out_text
0x0235	0x2112      	CALL       _Lcd_Out
;Smart_Home_version2.c,128 :: 		lcd_out(2,1,"room 2 on");}
0x0236	0x3002      	MOVLW      2
0x0237	0x00D5      	MOVWF      FARG_Lcd_Out_row
0x0238	0x3001      	MOVLW      1
0x0239	0x00D6      	MOVWF      FARG_Lcd_Out_column
0x023A	0x3023      	MOVLW      ?lstr7_Smart_Home_version2
0x023B	0x00D7      	MOVWF      FARG_Lcd_Out_text
0x023C	0x2112      	CALL       _Lcd_Out
0x023D	0x2A52      	GOTO       L_main23
L_main22:
0x023E	0x1703      	BSF        STATUS, 6
;Smart_Home_version2.c,130 :: 		{Lcd_Cmd(_LCD_CLEAR);
0x023F	0x3001      	MOVLW      1
0x0240	0x00DA      	MOVWF      FARG_Lcd_Cmd_out_char
0x0241	0x2094      	CALL       _Lcd_Cmd
;Smart_Home_version2.c,131 :: 		portd.b1=0;
0x0242	0x1088      	BCF        PORTD, 1
;Smart_Home_version2.c,132 :: 		lcd_out(1,1,"good");
0x0243	0x3001      	MOVLW      1
0x0244	0x1703      	BSF        STATUS, 6
0x0245	0x00D5      	MOVWF      FARG_Lcd_Out_row
0x0246	0x3001      	MOVLW      1
0x0247	0x00D6      	MOVWF      FARG_Lcd_Out_column
0x0248	0x303D      	MOVLW      ?lstr8_Smart_Home_version2
0x0249	0x00D7      	MOVWF      FARG_Lcd_Out_text
0x024A	0x2112      	CALL       _Lcd_Out
;Smart_Home_version2.c,133 :: 		lcd_out(2,1,"room 2 off");}
0x024B	0x3002      	MOVLW      2
0x024C	0x00D5      	MOVWF      FARG_Lcd_Out_row
0x024D	0x3001      	MOVLW      1
0x024E	0x00D6      	MOVWF      FARG_Lcd_Out_column
0x024F	0x3051      	MOVLW      ?lstr9_Smart_Home_version2
0x0250	0x00D7      	MOVWF      FARG_Lcd_Out_text
0x0251	0x2112      	CALL       _Lcd_Out
L_main23:
;Smart_Home_version2.c,135 :: 		}else if(deto == '3')
0x0252	0x2B25      	GOTO       L_main24
L_main21:
0x0253	0x0851      	MOVF       _deto, 0
0x0254	0x3A33      	XORLW      51
0x0255	0x1D03      	BTFSS      STATUS, 2
0x0256	0x2A84      	GOTO       L_main25
;Smart_Home_version2.c,137 :: 		if(portd.b2==0)
0x0257	0x1303      	BCF        STATUS, 6
0x0258	0x1908      	BTFSC      PORTD, 2
0x0259	0x2A6F      	GOTO       L_main26
;Smart_Home_version2.c,138 :: 		{portd.b2=1;
0x025A	0x1508      	BSF        PORTD, 2
;Smart_Home_version2.c,139 :: 		Lcd_Cmd(_LCD_CLEAR);
0x025B	0x3001      	MOVLW      1
0x025C	0x1703      	BSF        STATUS, 6
0x025D	0x00DA      	MOVWF      FARG_Lcd_Cmd_out_char
0x025E	0x2094      	CALL       _Lcd_Cmd
;Smart_Home_version2.c,140 :: 		lcd_out(1,1,"good");
0x025F	0x3001      	MOVLW      1
0x0260	0x1703      	BSF        STATUS, 6
0x0261	0x00D5      	MOVWF      FARG_Lcd_Out_row
0x0262	0x3001      	MOVLW      1
0x0263	0x00D6      	MOVWF      FARG_Lcd_Out_column
0x0264	0x304C      	MOVLW      ?lstr10_Smart_Home_version2
0x0265	0x00D7      	MOVWF      FARG_Lcd_Out_text
0x0266	0x2112      	CALL       _Lcd_Out
;Smart_Home_version2.c,141 :: 		lcd_out(2,1,"room 3 on");}
0x0267	0x3002      	MOVLW      2
0x0268	0x00D5      	MOVWF      FARG_Lcd_Out_row
0x0269	0x3001      	MOVLW      1
0x026A	0x00D6      	MOVWF      FARG_Lcd_Out_column
0x026B	0x3042      	MOVLW      ?lstr11_Smart_Home_version2
0x026C	0x00D7      	MOVWF      FARG_Lcd_Out_text
0x026D	0x2112      	CALL       _Lcd_Out
0x026E	0x2A83      	GOTO       L_main27
L_main26:
0x026F	0x1703      	BSF        STATUS, 6
;Smart_Home_version2.c,143 :: 		{Lcd_Cmd(_LCD_CLEAR);
0x0270	0x3001      	MOVLW      1
0x0271	0x00DA      	MOVWF      FARG_Lcd_Cmd_out_char
0x0272	0x2094      	CALL       _Lcd_Cmd
;Smart_Home_version2.c,144 :: 		portd.b2=0;
0x0273	0x1108      	BCF        PORTD, 2
;Smart_Home_version2.c,145 :: 		lcd_out(1,1,"good");
0x0274	0x3001      	MOVLW      1
0x0275	0x1703      	BSF        STATUS, 6
0x0276	0x00D5      	MOVWF      FARG_Lcd_Out_row
0x0277	0x3001      	MOVLW      1
0x0278	0x00D6      	MOVWF      FARG_Lcd_Out_column
0x0279	0x30A5      	MOVLW      ?lstr12_Smart_Home_version2
0x027A	0x00D7      	MOVWF      FARG_Lcd_Out_text
0x027B	0x2112      	CALL       _Lcd_Out
;Smart_Home_version2.c,146 :: 		lcd_out(2,1,"room 3 off");}
0x027C	0x3002      	MOVLW      2
0x027D	0x00D5      	MOVWF      FARG_Lcd_Out_row
0x027E	0x3001      	MOVLW      1
0x027F	0x00D6      	MOVWF      FARG_Lcd_Out_column
0x0280	0x301A      	MOVLW      ?lstr13_Smart_Home_version2
0x0281	0x00D7      	MOVWF      FARG_Lcd_Out_text
0x0282	0x2112      	CALL       _Lcd_Out
L_main27:
;Smart_Home_version2.c,148 :: 		}else if(deto == '4')
0x0283	0x2B25      	GOTO       L_main28
L_main25:
0x0284	0x0851      	MOVF       _deto, 0
0x0285	0x3A34      	XORLW      52
0x0286	0x1D03      	BTFSS      STATUS, 2
0x0287	0x2AB5      	GOTO       L_main29
;Smart_Home_version2.c,150 :: 		if(portd.b3==0)
0x0288	0x1303      	BCF        STATUS, 6
0x0289	0x1988      	BTFSC      PORTD, 3
0x028A	0x2AA0      	GOTO       L_main30
;Smart_Home_version2.c,151 :: 		{portd.b3=1;
0x028B	0x1588      	BSF        PORTD, 3
;Smart_Home_version2.c,152 :: 		Lcd_Cmd(_LCD_CLEAR);
0x028C	0x3001      	MOVLW      1
0x028D	0x1703      	BSF        STATUS, 6
0x028E	0x00DA      	MOVWF      FARG_Lcd_Cmd_out_char
0x028F	0x2094      	CALL       _Lcd_Cmd
;Smart_Home_version2.c,153 :: 		lcd_out(1,1,"good");
0x0290	0x3001      	MOVLW      1
0x0291	0x1703      	BSF        STATUS, 6
0x0292	0x00D5      	MOVWF      FARG_Lcd_Out_row
0x0293	0x3001      	MOVLW      1
0x0294	0x00D6      	MOVWF      FARG_Lcd_Out_column
0x0295	0x30E9      	MOVLW      ?lstr14_Smart_Home_version2
0x0296	0x00D7      	MOVWF      FARG_Lcd_Out_text
0x0297	0x2112      	CALL       _Lcd_Out
;Smart_Home_version2.c,154 :: 		lcd_out(2,1,"room 4 on");}
0x0298	0x3002      	MOVLW      2
0x0299	0x00D5      	MOVWF      FARG_Lcd_Out_row
0x029A	0x3001      	MOVLW      1
0x029B	0x00D6      	MOVWF      FARG_Lcd_Out_column
0x029C	0x3010      	MOVLW      ?lstr15_Smart_Home_version2
0x029D	0x00D7      	MOVWF      FARG_Lcd_Out_text
0x029E	0x2112      	CALL       _Lcd_Out
0x029F	0x2AB4      	GOTO       L_main31
L_main30:
0x02A0	0x1703      	BSF        STATUS, 6
;Smart_Home_version2.c,156 :: 		{Lcd_Cmd(_LCD_CLEAR);
0x02A1	0x3001      	MOVLW      1
0x02A2	0x00DA      	MOVWF      FARG_Lcd_Cmd_out_char
0x02A3	0x2094      	CALL       _Lcd_Cmd
;Smart_Home_version2.c,157 :: 		portd.b3=0;
0x02A4	0x1188      	BCF        PORTD, 3
;Smart_Home_version2.c,158 :: 		lcd_out(1,1,"good");
0x02A5	0x3001      	MOVLW      1
0x02A6	0x1703      	BSF        STATUS, 6
0x02A7	0x00D5      	MOVWF      FARG_Lcd_Out_row
0x02A8	0x3001      	MOVLW      1
0x02A9	0x00D6      	MOVWF      FARG_Lcd_Out_column
0x02AA	0x3025      	MOVLW      ?lstr16_Smart_Home_version2
0x02AB	0x00D7      	MOVWF      FARG_Lcd_Out_text
0x02AC	0x2112      	CALL       _Lcd_Out
;Smart_Home_version2.c,159 :: 		lcd_out(2,1,"room 4 off");}
0x02AD	0x3002      	MOVLW      2
0x02AE	0x00D5      	MOVWF      FARG_Lcd_Out_row
0x02AF	0x3001      	MOVLW      1
0x02B0	0x00D6      	MOVWF      FARG_Lcd_Out_column
0x02B1	0x3046      	MOVLW      ?lstr17_Smart_Home_version2
0x02B2	0x00D7      	MOVWF      FARG_Lcd_Out_text
0x02B3	0x2112      	CALL       _Lcd_Out
L_main31:
;Smart_Home_version2.c,161 :: 		}else if(deto == '6')
0x02B4	0x2B25      	GOTO       L_main32
L_main29:
0x02B5	0x0851      	MOVF       _deto, 0
0x02B6	0x3A36      	XORLW      54
0x02B7	0x1D03      	BTFSS      STATUS, 2
0x02B8	0x2ADA      	GOTO       L_main33
;Smart_Home_version2.c,163 :: 		if(portd.b6==0)
0x02B9	0x1303      	BCF        STATUS, 6
0x02BA	0x1B08      	BTFSC      PORTD, 6
0x02BB	0x2ACB      	GOTO       L_main34
;Smart_Home_version2.c,164 :: 		{portd.b6=1;
0x02BC	0x1708      	BSF        PORTD, 6
;Smart_Home_version2.c,165 :: 		portd.b7=0;
0x02BD	0x1388      	BCF        PORTD, 7
;Smart_Home_version2.c,166 :: 		Lcd_Cmd(_LCD_CLEAR);
0x02BE	0x3001      	MOVLW      1
0x02BF	0x1703      	BSF        STATUS, 6
0x02C0	0x00DA      	MOVWF      FARG_Lcd_Cmd_out_char
0x02C1	0x2094      	CALL       _Lcd_Cmd
;Smart_Home_version2.c,167 :: 		lcd_out(1,1,"garage Opened");}
0x02C2	0x3001      	MOVLW      1
0x02C3	0x1703      	BSF        STATUS, 6
0x02C4	0x00D5      	MOVWF      FARG_Lcd_Out_row
0x02C5	0x3001      	MOVLW      1
0x02C6	0x00D6      	MOVWF      FARG_Lcd_Out_column
0x02C7	0x3038      	MOVLW      ?lstr18_Smart_Home_version2
0x02C8	0x00D7      	MOVWF      FARG_Lcd_Out_text
0x02C9	0x2112      	CALL       _Lcd_Out
0x02CA	0x2AD9      	GOTO       L_main35
L_main34:
0x02CB	0x1703      	BSF        STATUS, 6
;Smart_Home_version2.c,169 :: 		{Lcd_Cmd(_LCD_CLEAR);
0x02CC	0x3001      	MOVLW      1
0x02CD	0x00DA      	MOVWF      FARG_Lcd_Cmd_out_char
0x02CE	0x2094      	CALL       _Lcd_Cmd
;Smart_Home_version2.c,170 :: 		portd.b6=0;
0x02CF	0x1308      	BCF        PORTD, 6
;Smart_Home_version2.c,171 :: 		portd.b7=1;
0x02D0	0x1788      	BSF        PORTD, 7
;Smart_Home_version2.c,172 :: 		lcd_out(1,1,"garage Closed");}
0x02D1	0x3001      	MOVLW      1
0x02D2	0x1703      	BSF        STATUS, 6
0x02D3	0x00D5      	MOVWF      FARG_Lcd_Out_row
0x02D4	0x3001      	MOVLW      1
0x02D5	0x00D6      	MOVWF      FARG_Lcd_Out_column
0x02D6	0x302A      	MOVLW      ?lstr19_Smart_Home_version2
0x02D7	0x00D7      	MOVWF      FARG_Lcd_Out_text
0x02D8	0x2112      	CALL       _Lcd_Out
L_main35:
;Smart_Home_version2.c,174 :: 		}else if(deto == '5')
0x02D9	0x2B25      	GOTO       L_main36
L_main33:
0x02DA	0x0851      	MOVF       _deto, 0
0x02DB	0x3A35      	XORLW      53
0x02DC	0x1D03      	BTFSS      STATUS, 2
0x02DD	0x2B0D      	GOTO       L_main37
;Smart_Home_version2.c,176 :: 		if(portd.b4==0)
0x02DE	0x1303      	BCF        STATUS, 6
0x02DF	0x1A08      	BTFSC      PORTD, 4
0x02E0	0x2AF7      	GOTO       L_main38
;Smart_Home_version2.c,177 :: 		{portd.b4=1;
0x02E1	0x1608      	BSF        PORTD, 4
;Smart_Home_version2.c,178 :: 		portd.b5=0;
0x02E2	0x1288      	BCF        PORTD, 5
;Smart_Home_version2.c,179 :: 		Lcd_Cmd(_LCD_CLEAR);
0x02E3	0x3001      	MOVLW      1
0x02E4	0x1703      	BSF        STATUS, 6
0x02E5	0x00DA      	MOVWF      FARG_Lcd_Cmd_out_char
0x02E6	0x2094      	CALL       _Lcd_Cmd
;Smart_Home_version2.c,180 :: 		lcd_out(1,1,"good");
0x02E7	0x3001      	MOVLW      1
0x02E8	0x1703      	BSF        STATUS, 6
0x02E9	0x00D5      	MOVWF      FARG_Lcd_Out_row
0x02EA	0x3001      	MOVLW      1
0x02EB	0x00D6      	MOVWF      FARG_Lcd_Out_column
0x02EC	0x30E4      	MOVLW      ?lstr20_Smart_Home_version2
0x02ED	0x00D7      	MOVWF      FARG_Lcd_Out_text
0x02EE	0x2112      	CALL       _Lcd_Out
;Smart_Home_version2.c,181 :: 		lcd_out(2,1,"mainDoor Opened");}
0x02EF	0x3002      	MOVLW      2
0x02F0	0x00D5      	MOVWF      FARG_Lcd_Out_row
0x02F1	0x3001      	MOVLW      1
0x02F2	0x00D6      	MOVWF      FARG_Lcd_Out_column
0x02F3	0x30BF      	MOVLW      ?lstr21_Smart_Home_version2
0x02F4	0x00D7      	MOVWF      FARG_Lcd_Out_text
0x02F5	0x2112      	CALL       _Lcd_Out
0x02F6	0x2B0C      	GOTO       L_main39
L_main38:
0x02F7	0x1703      	BSF        STATUS, 6
;Smart_Home_version2.c,183 :: 		{Lcd_Cmd(_LCD_CLEAR);
0x02F8	0x3001      	MOVLW      1
0x02F9	0x00DA      	MOVWF      FARG_Lcd_Cmd_out_char
0x02FA	0x2094      	CALL       _Lcd_Cmd
;Smart_Home_version2.c,184 :: 		portd.b4=0;
0x02FB	0x1208      	BCF        PORTD, 4
;Smart_Home_version2.c,185 :: 		portd.b5=1;
0x02FC	0x1688      	BSF        PORTD, 5
;Smart_Home_version2.c,186 :: 		lcd_out(1,1,"good");
0x02FD	0x3001      	MOVLW      1
0x02FE	0x1703      	BSF        STATUS, 6
0x02FF	0x00D5      	MOVWF      FARG_Lcd_Out_row
0x0300	0x3001      	MOVLW      1
0x0301	0x00D6      	MOVWF      FARG_Lcd_Out_column
0x0302	0x30BA      	MOVLW      ?lstr22_Smart_Home_version2
0x0303	0x00D7      	MOVWF      FARG_Lcd_Out_text
0x0304	0x2112      	CALL       _Lcd_Out
;Smart_Home_version2.c,187 :: 		lcd_out(2,1,"mainDoor Closed");}
0x0305	0x3002      	MOVLW      2
0x0306	0x00D5      	MOVWF      FARG_Lcd_Out_row
0x0307	0x3001      	MOVLW      1
0x0308	0x00D6      	MOVWF      FARG_Lcd_Out_column
0x0309	0x30AA      	MOVLW      ?lstr23_Smart_Home_version2
0x030A	0x00D7      	MOVWF      FARG_Lcd_Out_text
0x030B	0x2112      	CALL       _Lcd_Out
L_main39:
;Smart_Home_version2.c,189 :: 		}else if (deto=='7')
0x030C	0x2B25      	GOTO       L_main40
L_main37:
0x030D	0x0851      	MOVF       _deto, 0
0x030E	0x3A37      	XORLW      55
0x030F	0x1D03      	BTFSS      STATUS, 2
0x0310	0x2B25      	GOTO       L_main41
;Smart_Home_version2.c,191 :: 		portd=0x00;
0x0311	0x1303      	BCF        STATUS, 6
0x0312	0x0188      	CLRF       PORTD
;Smart_Home_version2.c,192 :: 		portb.b3=0;
0x0313	0x1186      	BCF        PORTB, 3
;Smart_Home_version2.c,193 :: 		portb.b4=0;
0x0314	0x1206      	BCF        PORTB, 4
;Smart_Home_version2.c,194 :: 		portd.b5=1;
0x0315	0x1688      	BSF        PORTD, 5
;Smart_Home_version2.c,195 :: 		portd.b7=1;
0x0316	0x1788      	BSF        PORTD, 7
;Smart_Home_version2.c,196 :: 		portd.b3=0;
0x0317	0x1188      	BCF        PORTD, 3
;Smart_Home_version2.c,197 :: 		portd.b4=0;
0x0318	0x1208      	BCF        PORTD, 4
;Smart_Home_version2.c,198 :: 		Lcd_Cmd(_LCD_CLEAR);
0x0319	0x3001      	MOVLW      1
0x031A	0x1703      	BSF        STATUS, 6
0x031B	0x00DA      	MOVWF      FARG_Lcd_Cmd_out_char
0x031C	0x2094      	CALL       _Lcd_Cmd
;Smart_Home_version2.c,200 :: 		lcd_out(2,1,"System restarted");
0x031D	0x3002      	MOVLW      2
0x031E	0x1703      	BSF        STATUS, 6
0x031F	0x00D5      	MOVWF      FARG_Lcd_Out_row
0x0320	0x3001      	MOVLW      1
0x0321	0x00D6      	MOVWF      FARG_Lcd_Out_column
0x0322	0x30CF      	MOVLW      ?lstr24_Smart_Home_version2
0x0323	0x00D7      	MOVWF      FARG_Lcd_Out_text
0x0324	0x2112      	CALL       _Lcd_Out
;Smart_Home_version2.c,201 :: 		}
L_main41:
L_main40:
L_main36:
L_main32:
L_main28:
L_main24:
L_main20:
;Smart_Home_version2.c,202 :: 		}else if (UART1_Data_Ready() == 0)
0x0325	0x2B2B      	GOTO       L_main42
L_main16:
0x0326	0x2153      	CALL       _UART1_Data_Ready
0x0327	0x0870      	MOVF       R0, 0
0x0328	0x3A00      	XORLW      0
0x0329	0x1D03      	BTFSS      STATUS, 2
0x032A	0x2B2B      	GOTO       L_main43
;Smart_Home_version2.c,205 :: 		}
L_main43:
L_main42:
;Smart_Home_version2.c,210 :: 		}
0x032B	0x29E0      	GOTO       L_main14
;Smart_Home_version2.c,211 :: 		}
L_end_main:
0x032C	0x2B2C      	GOTO       $+0
; end of _main
0x040E	0x3023      	MOVLW      35
0x040F	0x0084      	MOVWF      FSR
0x0410	0x304D      	MOVLW      77
0x0411	0x1283      	BCF        STATUS, 5
0x0412	0x1303      	BCF        STATUS, 6
0x0413	0x00F0      	MOVWF      R0
0x0414	0x3032      	MOVLW      50
0x0415	0x1683      	BSF        STATUS, 5
0x0416	0x00EE      	MOVWF      ___DoICPAddr
0x0417	0x3003      	MOVLW      3
0x0418	0x00EF      	MOVWF      239
0x0419	0x2165      	CALL       357
0x041A	0x30A0      	MOVLW      160
0x041B	0x0084      	MOVWF      FSR
0x041C	0x3049      	MOVLW      73
0x041D	0x1283      	BCF        STATUS, 5
0x041E	0x00F0      	MOVWF      R0
0x041F	0x307F      	MOVLW      127
0x0420	0x1683      	BSF        STATUS, 5
0x0421	0x00EE      	MOVWF      ___DoICPAddr
0x0422	0x3003      	MOVLW      3
0x0423	0x00EF      	MOVWF      239
0x0424	0x2165      	CALL       357
0x0425	0x3010      	MOVLW      272
0x0426	0x1783      	BSF        STATUS, 7
0x0427	0x0084      	MOVWF      FSR
0x0428	0x300A      	MOVLW      10
0x0429	0x1283      	BCF        STATUS, 5
0x042A	0x00F0      	MOVWF      R0
0x042B	0x30FF      	MOVLW      255
0x042C	0x1683      	BSF        STATUS, 5
0x042D	0x00EE      	MOVWF      ___DoICPAddr
0x042E	0x3003      	MOVLW      3
0x042F	0x00EF      	MOVWF      239
0x0430	0x2165      	CALL       357
0x0431	0x1383      	BCF        STATUS, 7
0x0432	0x30E9      	MOVLW      233
0x0433	0x0084      	MOVWF      FSR
0x0434	0x3005      	MOVLW      5
0x0435	0x1283      	BCF        STATUS, 5
0x0436	0x00F0      	MOVWF      R0
0x0437	0x3009      	MOVLW      9
0x0438	0x1683      	BSF        STATUS, 5
0x0439	0x00EE      	MOVWF      ___DoICPAddr
0x043A	0x3004      	MOVLW      4
0x043B	0x00EF      	MOVWF      239
0x043C	0x2165      	CALL       357
0x043D	0x301A      	MOVLW      282
0x043E	0x1783      	BSF        STATUS, 7
0x043F	0x0084      	MOVWF      FSR
0x0440	0x3037      	MOVLW      55
0x0441	0x1283      	BCF        STATUS, 5
0x0442	0x00F0      	MOVWF      R0
0x0443	0x30C8      	MOVLW      200
0x0444	0x1683      	BSF        STATUS, 5
0x0445	0x00EE      	MOVWF      ___DoICPAddr
0x0446	0x3003      	MOVLW      3
0x0447	0x00EF      	MOVWF      239
0x0448	0x2165      	CALL       357
0x0449	0x1383      	BCF        STATUS, 7
0x044A	0x0008      	RETURN
;Smart_Home_version2.c,0 :: ?ICS?lstr7_Smart_Home_version2
0x0332	0x3472 ;?ICS?lstr7_Smart_Home_version2+0
0x0333	0x346F ;?ICS?lstr7_Smart_Home_version2+1
0x0334	0x346F ;?ICS?lstr7_Smart_Home_version2+2
0x0335	0x346D ;?ICS?lstr7_Smart_Home_version2+3
0x0336	0x3420 ;?ICS?lstr7_Smart_Home_version2+4
0x0337	0x3432 ;?ICS?lstr7_Smart_Home_version2+5
0x0338	0x3420 ;?ICS?lstr7_Smart_Home_version2+6
0x0339	0x346F ;?ICS?lstr7_Smart_Home_version2+7
0x033A	0x346E ;?ICS?lstr7_Smart_Home_version2+8
0x033B	0x3400 ;?ICS?lstr7_Smart_Home_version2+9
; end of ?ICS?lstr7_Smart_Home_version2
;Smart_Home_version2.c,0 :: ?ICS?lstr6_Smart_Home_version2
0x033C	0x3467 ;?ICS?lstr6_Smart_Home_version2+0
0x033D	0x346F ;?ICS?lstr6_Smart_Home_version2+1
0x033E	0x346F ;?ICS?lstr6_Smart_Home_version2+2
0x033F	0x3464 ;?ICS?lstr6_Smart_Home_version2+3
0x0340	0x3400 ;?ICS?lstr6_Smart_Home_version2+4
; end of ?ICS?lstr6_Smart_Home_version2
;Smart_Home_version2.c,0 :: ?ICS?lstr5_Smart_Home_version2
0x0341	0x3472 ;?ICS?lstr5_Smart_Home_version2+0
0x0342	0x346F ;?ICS?lstr5_Smart_Home_version2+1
0x0343	0x346F ;?ICS?lstr5_Smart_Home_version2+2
0x0344	0x346D ;?ICS?lstr5_Smart_Home_version2+3
0x0345	0x3420 ;?ICS?lstr5_Smart_Home_version2+4
0x0346	0x3431 ;?ICS?lstr5_Smart_Home_version2+5
0x0347	0x3420 ;?ICS?lstr5_Smart_Home_version2+6
0x0348	0x346F ;?ICS?lstr5_Smart_Home_version2+7
0x0349	0x3466 ;?ICS?lstr5_Smart_Home_version2+8
0x034A	0x3466 ;?ICS?lstr5_Smart_Home_version2+9
0x034B	0x3400 ;?ICS?lstr5_Smart_Home_version2+10
; end of ?ICS?lstr5_Smart_Home_version2
;Smart_Home_version2.c,0 :: ?ICS?lstr8_Smart_Home_version2
0x034C	0x3467 ;?ICS?lstr8_Smart_Home_version2+0
0x034D	0x346F ;?ICS?lstr8_Smart_Home_version2+1
0x034E	0x346F ;?ICS?lstr8_Smart_Home_version2+2
0x034F	0x3464 ;?ICS?lstr8_Smart_Home_version2+3
0x0350	0x3400 ;?ICS?lstr8_Smart_Home_version2+4
; end of ?ICS?lstr8_Smart_Home_version2
;Smart_Home_version2.c,0 :: ?ICS?lstr11_Smart_Home_version2
0x0351	0x3472 ;?ICS?lstr11_Smart_Home_version2+0
0x0352	0x346F ;?ICS?lstr11_Smart_Home_version2+1
0x0353	0x346F ;?ICS?lstr11_Smart_Home_version2+2
0x0354	0x346D ;?ICS?lstr11_Smart_Home_version2+3
0x0355	0x3420 ;?ICS?lstr11_Smart_Home_version2+4
0x0356	0x3433 ;?ICS?lstr11_Smart_Home_version2+5
0x0357	0x3420 ;?ICS?lstr11_Smart_Home_version2+6
0x0358	0x346F ;?ICS?lstr11_Smart_Home_version2+7
0x0359	0x346E ;?ICS?lstr11_Smart_Home_version2+8
0x035A	0x3400 ;?ICS?lstr11_Smart_Home_version2+9
; end of ?ICS?lstr11_Smart_Home_version2
;Smart_Home_version2.c,0 :: ?ICS?lstr10_Smart_Home_version2
0x035B	0x3467 ;?ICS?lstr10_Smart_Home_version2+0
0x035C	0x346F ;?ICS?lstr10_Smart_Home_version2+1
0x035D	0x346F ;?ICS?lstr10_Smart_Home_version2+2
0x035E	0x3464 ;?ICS?lstr10_Smart_Home_version2+3
0x035F	0x3400 ;?ICS?lstr10_Smart_Home_version2+4
; end of ?ICS?lstr10_Smart_Home_version2
;Smart_Home_version2.c,0 :: ?ICS?lstr9_Smart_Home_version2
0x0360	0x3472 ;?ICS?lstr9_Smart_Home_version2+0
0x0361	0x346F ;?ICS?lstr9_Smart_Home_version2+1
0x0362	0x346F ;?ICS?lstr9_Smart_Home_version2+2
0x0363	0x346D ;?ICS?lstr9_Smart_Home_version2+3
0x0364	0x3420 ;?ICS?lstr9_Smart_Home_version2+4
0x0365	0x3432 ;?ICS?lstr9_Smart_Home_version2+5
0x0366	0x3420 ;?ICS?lstr9_Smart_Home_version2+6
0x0367	0x346F ;?ICS?lstr9_Smart_Home_version2+7
0x0368	0x3466 ;?ICS?lstr9_Smart_Home_version2+8
0x0369	0x3466 ;?ICS?lstr9_Smart_Home_version2+9
0x036A	0x3400 ;?ICS?lstr9_Smart_Home_version2+10
; end of ?ICS?lstr9_Smart_Home_version2
;Smart_Home_version2.c,0 :: ?ICS?lstr4_Smart_Home_version2
0x036B	0x3467 ;?ICS?lstr4_Smart_Home_version2+0
0x036C	0x346F ;?ICS?lstr4_Smart_Home_version2+1
0x036D	0x346F ;?ICS?lstr4_Smart_Home_version2+2
0x036E	0x3464 ;?ICS?lstr4_Smart_Home_version2+3
0x036F	0x3400 ;?ICS?lstr4_Smart_Home_version2+4
; end of ?ICS?lstr4_Smart_Home_version2
;Smart_Home_version2.c,0 :: ?ICS?lstr1_Smart_Home_version2
0x0370	0x3467 ;?ICS?lstr1_Smart_Home_version2+0
0x0371	0x346F ;?ICS?lstr1_Smart_Home_version2+1
0x0372	0x346F ;?ICS?lstr1_Smart_Home_version2+2
0x0373	0x3464 ;?ICS?lstr1_Smart_Home_version2+3
0x0374	0x3400 ;?ICS?lstr1_Smart_Home_version2+4
; end of ?ICS?lstr1_Smart_Home_version2
;Smart_Home_version2.c,0 :: ?ICS?lstr3_Smart_Home_version2
0x0375	0x3472 ;?ICS?lstr3_Smart_Home_version2+0
0x0376	0x346F ;?ICS?lstr3_Smart_Home_version2+1
0x0377	0x346F ;?ICS?lstr3_Smart_Home_version2+2
0x0378	0x346D ;?ICS?lstr3_Smart_Home_version2+3
0x0379	0x3420 ;?ICS?lstr3_Smart_Home_version2+4
0x037A	0x3431 ;?ICS?lstr3_Smart_Home_version2+5
0x037B	0x3420 ;?ICS?lstr3_Smart_Home_version2+6
0x037C	0x346F ;?ICS?lstr3_Smart_Home_version2+7
0x037D	0x346E ;?ICS?lstr3_Smart_Home_version2+8
0x037E	0x3400 ;?ICS?lstr3_Smart_Home_version2+9
; end of ?ICS?lstr3_Smart_Home_version2
;Smart_Home_version2.c,0 :: ?ICS?lstr2_Smart_Home_version2
0x037F	0x3467 ;?ICS?lstr2_Smart_Home_version2+0
0x0380	0x346F ;?ICS?lstr2_Smart_Home_version2+1
0x0381	0x346F ;?ICS?lstr2_Smart_Home_version2+2
0x0382	0x3464 ;?ICS?lstr2_Smart_Home_version2+3
0x0383	0x3400 ;?ICS?lstr2_Smart_Home_version2+4
; end of ?ICS?lstr2_Smart_Home_version2
;Smart_Home_version2.c,0 :: ?ICS?lstr12_Smart_Home_version2
0x0384	0x3467 ;?ICS?lstr12_Smart_Home_version2+0
0x0385	0x346F ;?ICS?lstr12_Smart_Home_version2+1
0x0386	0x346F ;?ICS?lstr12_Smart_Home_version2+2
0x0387	0x3464 ;?ICS?lstr12_Smart_Home_version2+3
0x0388	0x3400 ;?ICS?lstr12_Smart_Home_version2+4
; end of ?ICS?lstr12_Smart_Home_version2
;Smart_Home_version2.c,0 :: ?ICS?lstr23_Smart_Home_version2
0x0389	0x346D ;?ICS?lstr23_Smart_Home_version2+0
0x038A	0x3461 ;?ICS?lstr23_Smart_Home_version2+1
0x038B	0x3469 ;?ICS?lstr23_Smart_Home_version2+2
0x038C	0x346E ;?ICS?lstr23_Smart_Home_version2+3
0x038D	0x3444 ;?ICS?lstr23_Smart_Home_version2+4
0x038E	0x346F ;?ICS?lstr23_Smart_Home_version2+5
0x038F	0x346F ;?ICS?lstr23_Smart_Home_version2+6
0x0390	0x3472 ;?ICS?lstr23_Smart_Home_version2+7
0x0391	0x3420 ;?ICS?lstr23_Smart_Home_version2+8
0x0392	0x3443 ;?ICS?lstr23_Smart_Home_version2+9
0x0393	0x346C ;?ICS?lstr23_Smart_Home_version2+10
0x0394	0x346F ;?ICS?lstr23_Smart_Home_version2+11
0x0395	0x3473 ;?ICS?lstr23_Smart_Home_version2+12
0x0396	0x3465 ;?ICS?lstr23_Smart_Home_version2+13
0x0397	0x3464 ;?ICS?lstr23_Smart_Home_version2+14
0x0398	0x3400 ;?ICS?lstr23_Smart_Home_version2+15
; end of ?ICS?lstr23_Smart_Home_version2
;Smart_Home_version2.c,0 :: ?ICS?lstr22_Smart_Home_version2
0x0399	0x3467 ;?ICS?lstr22_Smart_Home_version2+0
0x039A	0x346F ;?ICS?lstr22_Smart_Home_version2+1
0x039B	0x346F ;?ICS?lstr22_Smart_Home_version2+2
0x039C	0x3464 ;?ICS?lstr22_Smart_Home_version2+3
0x039D	0x3400 ;?ICS?lstr22_Smart_Home_version2+4
; end of ?ICS?lstr22_Smart_Home_version2
;Smart_Home_version2.c,0 :: ?ICS?lstr21_Smart_Home_version2
0x039E	0x346D ;?ICS?lstr21_Smart_Home_version2+0
0x039F	0x3461 ;?ICS?lstr21_Smart_Home_version2+1
0x03A0	0x3469 ;?ICS?lstr21_Smart_Home_version2+2
0x03A1	0x346E ;?ICS?lstr21_Smart_Home_version2+3
0x03A2	0x3444 ;?ICS?lstr21_Smart_Home_version2+4
0x03A3	0x346F ;?ICS?lstr21_Smart_Home_version2+5
0x03A4	0x346F ;?ICS?lstr21_Smart_Home_version2+6
0x03A5	0x3472 ;?ICS?lstr21_Smart_Home_version2+7
0x03A6	0x3420 ;?ICS?lstr21_Smart_Home_version2+8
0x03A7	0x344F ;?ICS?lstr21_Smart_Home_version2+9
0x03A8	0x3470 ;?ICS?lstr21_Smart_Home_version2+10
0x03A9	0x3465 ;?ICS?lstr21_Smart_Home_version2+11
0x03AA	0x346E ;?ICS?lstr21_Smart_Home_version2+12
0x03AB	0x3465 ;?ICS?lstr21_Smart_Home_version2+13
0x03AC	0x3464 ;?ICS?lstr21_Smart_Home_version2+14
0x03AD	0x3400 ;?ICS?lstr21_Smart_Home_version2+15
; end of ?ICS?lstr21_Smart_Home_version2
;Smart_Home_version2.c,0 :: ?ICS?lstr24_Smart_Home_version2
0x03AE	0x3453 ;?ICS?lstr24_Smart_Home_version2+0
0x03AF	0x3479 ;?ICS?lstr24_Smart_Home_version2+1
0x03B0	0x3473 ;?ICS?lstr24_Smart_Home_version2+2
0x03B1	0x3474 ;?ICS?lstr24_Smart_Home_version2+3
0x03B2	0x3465 ;?ICS?lstr24_Smart_Home_version2+4
0x03B3	0x346D ;?ICS?lstr24_Smart_Home_version2+5
0x03B4	0x3420 ;?ICS?lstr24_Smart_Home_version2+6
0x03B5	0x3472 ;?ICS?lstr24_Smart_Home_version2+7
0x03B6	0x3465 ;?ICS?lstr24_Smart_Home_version2+8
0x03B7	0x3473 ;?ICS?lstr24_Smart_Home_version2+9
0x03B8	0x3474 ;?ICS?lstr24_Smart_Home_version2+10
0x03B9	0x3461 ;?ICS?lstr24_Smart_Home_version2+11
0x03BA	0x3472 ;?ICS?lstr24_Smart_Home_version2+12
0x03BB	0x3474 ;?ICS?lstr24_Smart_Home_version2+13
0x03BC	0x3465 ;?ICS?lstr24_Smart_Home_version2+14
0x03BD	0x3464 ;?ICS?lstr24_Smart_Home_version2+15
0x03BE	0x3400 ;?ICS?lstr24_Smart_Home_version2+16
; end of ?ICS?lstr24_Smart_Home_version2
;Smart_Home_version2.c,0 :: ?ICS_alert_state
0x03BF	0x3400 ;?ICS_alert_state+0
0x03C0	0x3400 ;?ICS_alert_state+1
; end of ?ICS_alert_state
;Smart_Home_version2.c,0 :: ?ICS_statue
0x03C1	0x3400 ;?ICS_statue+0
0x03C2	0x3400 ;?ICS_statue+1
; end of ?ICS_statue
;Smart_Home_version2.c,0 :: ?ICS?lstr20_Smart_Home_version2
0x03C3	0x3467 ;?ICS?lstr20_Smart_Home_version2+0
0x03C4	0x346F ;?ICS?lstr20_Smart_Home_version2+1
0x03C5	0x346F ;?ICS?lstr20_Smart_Home_version2+2
0x03C6	0x3464 ;?ICS?lstr20_Smart_Home_version2+3
0x03C7	0x3400 ;?ICS?lstr20_Smart_Home_version2+4
; end of ?ICS?lstr20_Smart_Home_version2
;Smart_Home_version2.c,0 :: ?ICS?lstr13_Smart_Home_version2
0x03C8	0x3472 ;?ICS?lstr13_Smart_Home_version2+0
0x03C9	0x346F ;?ICS?lstr13_Smart_Home_version2+1
0x03CA	0x346F ;?ICS?lstr13_Smart_Home_version2+2
0x03CB	0x346D ;?ICS?lstr13_Smart_Home_version2+3
0x03CC	0x3420 ;?ICS?lstr13_Smart_Home_version2+4
0x03CD	0x3433 ;?ICS?lstr13_Smart_Home_version2+5
0x03CE	0x3420 ;?ICS?lstr13_Smart_Home_version2+6
0x03CF	0x346F ;?ICS?lstr13_Smart_Home_version2+7
0x03D0	0x3466 ;?ICS?lstr13_Smart_Home_version2+8
0x03D1	0x3466 ;?ICS?lstr13_Smart_Home_version2+9
0x03D2	0x3400 ;?ICS?lstr13_Smart_Home_version2+10
; end of ?ICS?lstr13_Smart_Home_version2
;Smart_Home_version2.c,0 :: ?ICS?lstr16_Smart_Home_version2
0x03D3	0x3467 ;?ICS?lstr16_Smart_Home_version2+0
0x03D4	0x346F ;?ICS?lstr16_Smart_Home_version2+1
0x03D5	0x346F ;?ICS?lstr16_Smart_Home_version2+2
0x03D6	0x3464 ;?ICS?lstr16_Smart_Home_version2+3
0x03D7	0x3400 ;?ICS?lstr16_Smart_Home_version2+4
; end of ?ICS?lstr16_Smart_Home_version2
;Smart_Home_version2.c,0 :: ?ICS?lstr19_Smart_Home_version2
0x03D8	0x3467 ;?ICS?lstr19_Smart_Home_version2+0
0x03D9	0x3461 ;?ICS?lstr19_Smart_Home_version2+1
0x03DA	0x3472 ;?ICS?lstr19_Smart_Home_version2+2
0x03DB	0x3461 ;?ICS?lstr19_Smart_Home_version2+3
0x03DC	0x3467 ;?ICS?lstr19_Smart_Home_version2+4
0x03DD	0x3465 ;?ICS?lstr19_Smart_Home_version2+5
0x03DE	0x3420 ;?ICS?lstr19_Smart_Home_version2+6
0x03DF	0x3443 ;?ICS?lstr19_Smart_Home_version2+7
0x03E0	0x346C ;?ICS?lstr19_Smart_Home_version2+8
0x03E1	0x346F ;?ICS?lstr19_Smart_Home_version2+9
0x03E2	0x3473 ;?ICS?lstr19_Smart_Home_version2+10
0x03E3	0x3465 ;?ICS?lstr19_Smart_Home_version2+11
0x03E4	0x3464 ;?ICS?lstr19_Smart_Home_version2+12
0x03E5	0x3400 ;?ICS?lstr19_Smart_Home_version2+13
; end of ?ICS?lstr19_Smart_Home_version2
;Smart_Home_version2.c,0 :: ?ICS?lstr18_Smart_Home_version2
0x03E6	0x3467 ;?ICS?lstr18_Smart_Home_version2+0
0x03E7	0x3461 ;?ICS?lstr18_Smart_Home_version2+1
0x03E8	0x3472 ;?ICS?lstr18_Smart_Home_version2+2
0x03E9	0x3461 ;?ICS?lstr18_Smart_Home_version2+3
0x03EA	0x3467 ;?ICS?lstr18_Smart_Home_version2+4
0x03EB	0x3465 ;?ICS?lstr18_Smart_Home_version2+5
0x03EC	0x3420 ;?ICS?lstr18_Smart_Home_version2+6
0x03ED	0x344F ;?ICS?lstr18_Smart_Home_version2+7
0x03EE	0x3470 ;?ICS?lstr18_Smart_Home_version2+8
0x03EF	0x3465 ;?ICS?lstr18_Smart_Home_version2+9
0x03F0	0x346E ;?ICS?lstr18_Smart_Home_version2+10
0x03F1	0x3465 ;?ICS?lstr18_Smart_Home_version2+11
0x03F2	0x3464 ;?ICS?lstr18_Smart_Home_version2+12
0x03F3	0x3400 ;?ICS?lstr18_Smart_Home_version2+13
; end of ?ICS?lstr18_Smart_Home_version2
;Smart_Home_version2.c,0 :: ?ICS?lstr17_Smart_Home_version2
0x03F4	0x3472 ;?ICS?lstr17_Smart_Home_version2+0
0x03F5	0x346F ;?ICS?lstr17_Smart_Home_version2+1
0x03F6	0x346F ;?ICS?lstr17_Smart_Home_version2+2
0x03F7	0x346D ;?ICS?lstr17_Smart_Home_version2+3
0x03F8	0x3420 ;?ICS?lstr17_Smart_Home_version2+4
0x03F9	0x3434 ;?ICS?lstr17_Smart_Home_version2+5
0x03FA	0x3420 ;?ICS?lstr17_Smart_Home_version2+6
0x03FB	0x346F ;?ICS?lstr17_Smart_Home_version2+7
0x03FC	0x3466 ;?ICS?lstr17_Smart_Home_version2+8
0x03FD	0x3466 ;?ICS?lstr17_Smart_Home_version2+9
0x03FE	0x3400 ;?ICS?lstr17_Smart_Home_version2+10
; end of ?ICS?lstr17_Smart_Home_version2
;Smart_Home_version2.c,0 :: ?ICS?lstr15_Smart_Home_version2
0x03FF	0x3472 ;?ICS?lstr15_Smart_Home_version2+0
0x0400	0x346F ;?ICS?lstr15_Smart_Home_version2+1
0x0401	0x346F ;?ICS?lstr15_Smart_Home_version2+2
0x0402	0x346D ;?ICS?lstr15_Smart_Home_version2+3
0x0403	0x3420 ;?ICS?lstr15_Smart_Home_version2+4
0x0404	0x3434 ;?ICS?lstr15_Smart_Home_version2+5
0x0405	0x3420 ;?ICS?lstr15_Smart_Home_version2+6
0x0406	0x346F ;?ICS?lstr15_Smart_Home_version2+7
0x0407	0x346E ;?ICS?lstr15_Smart_Home_version2+8
0x0408	0x3400 ;?ICS?lstr15_Smart_Home_version2+9
; end of ?ICS?lstr15_Smart_Home_version2
;Smart_Home_version2.c,0 :: ?ICS?lstr14_Smart_Home_version2
0x0409	0x3467 ;?ICS?lstr14_Smart_Home_version2+0
0x040A	0x346F ;?ICS?lstr14_Smart_Home_version2+1
0x040B	0x346F ;?ICS?lstr14_Smart_Home_version2+2
0x040C	0x3464 ;?ICS?lstr14_Smart_Home_version2+3
0x040D	0x3400 ;?ICS?lstr14_Smart_Home_version2+4
; end of ?ICS?lstr14_Smart_Home_version2
Symbol List:
//** Routines locations **
//ADDRESS    SIZE    PROCEDURE
//----------------------------------------------
0x0004     [121]    _INTERRUPT
0x007D       [7]    _Delay_50us
0x0084       [3]    _Delay_1us
0x0087      [13]    _Delay_5500us
0x0094      [94]    _Lcd_Cmd
0x00F2       [9]    _Lcd_Chr_CP
0x00FB       [7]    _____DoICP
0x0102      [16]    _UART1_Init
0x0112      [65]    _Lcd_Out
0x0153       [7]    _UART1_Data_Ready
0x015A      [11]    _UART1_Read
0x0165      [12]    ___CC2DW
0x0171      [79]    _Lcd_Init
0x01C0     [364]    _main
//** Variables locations ** 
//ADDRESS    SIZE    VARIABLE
//----------------------------------------------
0x0000       [1]    INDF
0x0002       [1]    PCL
0x0003       [1]    STATUS
0x0004       [1]    FSR
0x0006       [1]    PORTB
0x0007       [0]    LCD_D4
0x0007       [0]    RC4_bit
0x0007       [0]    LCD_D5
0x0007       [0]    RC5_bit
0x0007       [0]    LCD_RS
0x0007       [0]    LCD_D7
0x0007       [0]    RC0_bit
0x0007       [0]    RC2_bit
0x0007       [0]    RC3_bit
0x0007       [0]    RC1_bit
0x0007       [0]    LCD_D6
0x0007       [0]    LCD_EN
0x0008       [1]    PORTD
0x000A       [1]    PCLATH
0x000B       [1]    INTCON
0x000C       [1]    PIR1
0x0018       [1]    RCSTA
0x001A       [1]    RCREG
0x0023      [10]    ?lstr7_Smart_Home_version2
0x002D       [5]    ?lstr6_Smart_Home_version2
0x0032      [11]    ?lstr5_Smart_Home_version2
0x003D       [5]    ?lstr8_Smart_Home_version2
0x0042      [10]    ?lstr11_Smart_Home_version2
0x004C       [5]    ?lstr10_Smart_Home_version2
0x0051      [11]    ?lstr9_Smart_Home_version2
0x005C       [5]    ?lstr4_Smart_Home_version2
0x0061       [5]    ?lstr1_Smart_Home_version2
0x0066      [10]    ?lstr3_Smart_Home_version2
0x0070       [1]    R0
0x0071       [1]    R1
0x0072       [1]    R2
0x0073       [1]    R3
0x0074       [1]    R4
0x0075       [1]    R5
0x0076       [1]    R6
0x0077       [1]    R7
0x0078       [1]    R8
0x0079       [1]    R9
0x007A       [1]    R10
0x007B       [1]    R11
0x007C       [1]    R12
0x007D       [1]    R13
0x007E       [1]    R14
0x007F       [1]    R15
0x0081       [1]    OPTION_REG
0x0086       [1]    TRISB
0x0087       [0]    TRISC4_bit
0x0087       [0]    TRISC5_bit
0x0087       [0]    TRISC6_bit
0x0087       [0]    TRISC3_bit
0x0087       [0]    TRISC0_bit
0x0087       [0]    TRISC1_bit
0x0087       [0]    TRISC2_bit
0x0087       [0]    TRISC7_bit
0x0087       [0]    LCD_D6_Direction
0x0087       [0]    LCD_D5_Direction
0x0087       [0]    LCD_D4_Direction
0x0087       [0]    LCD_D7_Direction
0x0087       [0]    LCD_RS_Direction
0x0087       [0]    LCD_EN_Direction
0x0088       [1]    TRISD
0x0098       [1]    TXSTA
0x0099       [1]    SPBRG
0x00A0       [5]    ?lstr2_Smart_Home_version2
0x00A5       [5]    ?lstr12_Smart_Home_version2
0x00AA      [16]    ?lstr23_Smart_Home_version2
0x00BA       [5]    ?lstr22_Smart_Home_version2
0x00BF      [16]    ?lstr21_Smart_Home_version2
0x00CF      [17]    ?lstr24_Smart_Home_version2
0x00E0       [2]    _alert_state
0x00E2       [2]    _statue
0x00E4       [5]    ?lstr20_Smart_Home_version2
0x00E9       [5]    ?lstr14_Smart_Home_version2
0x00EE       [2]    ___DoICPAddr
0x0110      [10]    ?lstr15_Smart_Home_version2
0x011A      [11]    ?lstr13_Smart_Home_version2
0x0125       [5]    ?lstr16_Smart_Home_version2
0x012A      [14]    ?lstr19_Smart_Home_version2
0x0138      [14]    ?lstr18_Smart_Home_version2
0x0146      [11]    ?lstr17_Smart_Home_version2
0x0151       [1]    _deto
0x0152       [0]    __Lib_Lcd_cmd_status
0x0153       [1]    ___saveSTATUS
0x0154       [1]    ___savePCLATH
0x0155       [1]    FARG_Lcd_Out_row
0x0156       [1]    FARG_Lcd_Out_column
0x0157       [1]    FARG_Lcd_Out_text
0x0158       [1]    Lcd_Out_i_L0
0x0159       [1]    FARG_Lcd_Chr_CP_out_char
0x015A       [1]    FARG_Lcd_Cmd_out_char
//** Constants locations ** 
//ADDRESS    SIZE    CONSTANT
//----------------------------------------------
0x0332      [10]    ?ICS?lstr7_Smart_Home_version2
0x033C       [5]    ?ICS?lstr6_Smart_Home_version2
0x0341      [11]    ?ICS?lstr5_Smart_Home_version2
0x034C       [5]    ?ICS?lstr8_Smart_Home_version2
0x0351      [10]    ?ICS?lstr11_Smart_Home_version2
0x035B       [5]    ?ICS?lstr10_Smart_Home_version2
0x0360      [11]    ?ICS?lstr9_Smart_Home_version2
0x036B       [5]    ?ICS?lstr4_Smart_Home_version2
0x0370       [5]    ?ICS?lstr1_Smart_Home_version2
0x0375      [10]    ?ICS?lstr3_Smart_Home_version2
0x037F       [5]    ?ICS?lstr2_Smart_Home_version2
0x0384       [5]    ?ICS?lstr12_Smart_Home_version2
0x0389      [16]    ?ICS?lstr23_Smart_Home_version2
0x0399       [5]    ?ICS?lstr22_Smart_Home_version2
0x039E      [16]    ?ICS?lstr21_Smart_Home_version2
0x03AE      [17]    ?ICS?lstr24_Smart_Home_version2
0x03BF       [2]    ?ICS_alert_state
0x03C1       [2]    ?ICS_statue
0x03C3       [5]    ?ICS?lstr20_Smart_Home_version2
0x03C8      [11]    ?ICS?lstr13_Smart_Home_version2
0x03D3       [5]    ?ICS?lstr16_Smart_Home_version2
0x03D8      [14]    ?ICS?lstr19_Smart_Home_version2
0x03E6      [14]    ?ICS?lstr18_Smart_Home_version2
0x03F4      [11]    ?ICS?lstr17_Smart_Home_version2
0x03FF      [10]    ?ICS?lstr15_Smart_Home_version2
0x0409       [5]    ?ICS?lstr14_Smart_Home_version2
